EveryoneRewards
Lamarkian
Social
3 Generation: 0 Best: 1050 Avg: 241 Updates: 39006
EveryoneRewards
Lamarkian
Social
3 Generation: 1 Best: 720 Avg: 144.75 Updates: 26433
EveryoneRewards
Lamarkian
Social
3 Generation: 2 Best: 325 Avg: 96.4 Updates: 13959
EveryoneRewards
Lamarkian
Social
3 Generation: 3 Best: 210 Avg: 65.5 Updates: 10296
EveryoneRewards
Lamarkian
Social
3 Generation: 4 Best: 175 Avg: 50.25 Updates: 8712
EveryoneRewards
Lamarkian
Social
3 Generation: 5 Best: 150 Avg: 11.25 Updates: 1287
EveryoneRewards
Lamarkian
Social
3 Generation: 6 Best: 145 Avg: 17.95 Updates: 6930
EveryoneRewards
Lamarkian
Social
3 Generation: 7 Best: 110 Avg: 71.5 Updates: 14949
EveryoneRewards
Lamarkian
Social
3 Generation: 8 Best: 25 Avg: 1 Updates: 396
EveryoneRewards
Lamarkian
Social
3 Generation: 9 Best: 275 Avg: 164 Updates: 24750
EveryoneRewards
Lamarkian
Social
3 Generation: 10 Best: 180 Avg: 78.5 Updates: 33363
EveryoneRewards
Lamarkian
Social
3 Generation: 11 Best: 210 Avg: 137.2 Updates: 26235
EveryoneRewards
Lamarkian
Social
3 Generation: 12 Best: 355 Avg: 122.85 Updates: 38907
EveryoneRewards
Lamarkian
Social
3 Generation: 13 Best: 235 Avg: 148.6 Updates: 24750
EveryoneRewards
Lamarkian
Social
3 Generation: 14 Best: 95 Avg: 71.3 Updates: 30690
EveryoneRewards
Lamarkian
Social
3 Generation: 15 Best: 175 Avg: 2.75 Updates: 297
EveryoneRewards
Lamarkian
Social
3 Generation: 16 Best: 300 Avg: 192.85 Updates: 20295
EveryoneRewards
Lamarkian
Social
3 Generation: 17 Best: 570 Avg: 346.2 Updates: 65637
EveryoneRewards
Lamarkian
Social
3 Generation: 18 Best: 800 Avg: 229.65 Updates: 63162
EveryoneRewards
Lamarkian
Social
3 Generation: 19 Best: 25 Avg: 4 Updates: 1584
EveryoneRewards
Lamarkian
Social
3 Generation: 20 Best: 635 Avg: 291.15 Updates: 67914
EveryoneRewards
Lamarkian
Social
3 Generation: 21 Best: 420 Avg: 36.55 Updates: 14751
EveryoneRewards
Lamarkian
Social
3 Generation: 22 Best: 655 Avg: 334.5 Updates: 66330
EveryoneRewards
Lamarkian
Social
3 Generation: 23 Best: 400 Avg: 144.2 Updates: 31383
EveryoneRewards
Lamarkian
Social
3 Generation: 24 Best: 625 Avg: 138.35 Updates: 22968
EveryoneRewards
Lamarkian
Social
3 Generation: 25 Best: 535 Avg: 29 Updates: 6237
EveryoneRewards
Lamarkian
Social
3 Generation: 26 Best: 715 Avg: 195.15 Updates: 44748
EveryoneRewards
Lamarkian
Social
3 Generation: 27 Best: 585 Avg: 131.5 Updates: 29007
EveryoneRewards
Lamarkian
Social
3 Generation: 28 Best: 605 Avg: 323.65 Updates: 67221
EveryoneRewards
Lamarkian
Social
3 Generation: 29 Best: 595 Avg: 363.1 Updates: 62568
EveryoneRewards
Lamarkian
Social
3 Generation: 30 Best: 160 Avg: 9.5 Updates: 3069
EveryoneRewards
Lamarkian
Social
3 Generation: 31 Best: 0 Avg: 0 Updates: 0
EveryoneRewards
Lamarkian
Social
3 Generation: 32 Best: 470 Avg: 66.5 Updates: 22572
EveryoneRewards
Lamarkian
Social
3 Generation: 33 Best: 245 Avg: 117.95 Updates: 25047
EveryoneRewards
Lamarkian
Social
3 Generation: 34 Best: 1035 Avg: 327.45 Updates: 61083
EveryoneRewards
Lamarkian
Social
3 Generation: 35 Best: 550 Avg: 248.2 Updates: 41778
EveryoneRewards
Lamarkian
Social
3 Generation: 36 Best: 745 Avg: 316.9 Updates: 73359
EveryoneRewards
Lamarkian
Social
3 Generation: 37 Best: 160 Avg: 90.75 Updates: 20889
EveryoneRewards
Lamarkian
Social
3 Generation: 38 Best: 780 Avg: 156.25 Updates: 45243
EveryoneRewards
Lamarkian
Social
3 Generation: 39 Best: 605 Avg: 175.85 Updates: 29997
EveryoneRewards
Lamarkian
Social
3 Generation: 40 Best: 560 Avg: 209.2 Updates: 37917
EveryoneRewards
Lamarkian
Social
3 Generation: 41 Best: 600 Avg: 160.25 Updates: 31284
EveryoneRewards
Lamarkian
Social
3 Generation: 42 Best: 805 Avg: 144.3 Updates: 38412
EveryoneRewards
Lamarkian
Social
3 Generation: 43 Best: 550 Avg: 299.75 Updates: 79200
EveryoneRewards
Lamarkian
Social
3 Generation: 44 Best: 100 Avg: 24.85 Updates: 5841
EveryoneRewards
Lamarkian
Social
3 Generation: 45 Best: 375 Avg: 13 Updates: 2277
EveryoneRewards
Lamarkian
Social
3 Generation: 46 Best: 720 Avg: 288 Updates: 67914
EveryoneRewards
Lamarkian
Social
3 Generation: 47 Best: 320 Avg: 101.7 Updates: 28611
EveryoneRewards
Lamarkian
Social
3 Generation: 48 Best: 175 Avg: 32.2 Updates: 7821
EveryoneRewards
Lamarkian
Social
3 Generation: 49 Best: 810 Avg: 198.95 Updates: 51777
EveryoneRewards
Lamarkian
Social
3 Generation: 50 Best: 1220 Avg: 524.8 Updates: 105138
EveryoneRewards
Lamarkian
Social
3 Generation: 51 Best: 1185 Avg: 446.55 Updates: 98604
EveryoneRewards
Lamarkian
Social
3 Generation: 52 Best: 585 Avg: 390.75 Updates: 87318
EveryoneRewards
Lamarkian
Social
3 Generation: 53 Best: 860 Avg: 338.5 Updates: 58707
EveryoneRewards
Lamarkian
Social
3 Generation: 54 Best: 345 Avg: 176.35 Updates: 40788
EveryoneRewards
Lamarkian
Social
3 Generation: 55 Best: 350 Avg: 177.5 Updates: 22374
EveryoneRewards
Lamarkian
Social
3 Generation: 56 Best: 700 Avg: 368.6 Updates: 50787
EveryoneRewards
Lamarkian
Social
3 Generation: 57 Best: 810 Avg: 312.05 Updates: 58608
EveryoneRewards
Lamarkian
Social
3 Generation: 58 Best: 1140 Avg: 280.95 Updates: 59697
EveryoneRewards
Lamarkian
Social
3 Generation: 59 Best: 710 Avg: 263.8 Updates: 52767
EveryoneRewards
Lamarkian
Social
3 Generation: 60 Best: 75 Avg: 12.95 Updates: 7029
EveryoneRewards
Lamarkian
Social
3 Generation: 61 Best: 950 Avg: 455.25 Updates: 83754
EveryoneRewards
Lamarkian
Social
3 Generation: 62 Best: 1185 Avg: 440.55 Updates: 68706
EveryoneRewards
Lamarkian
Social
3 Generation: 63 Best: 605 Avg: 188.95 Updates: 37818
EveryoneRewards
Lamarkian
Social
3 Generation: 64 Best: 795 Avg: 328.55 Updates: 69795
EveryoneRewards
Lamarkian
Social
3 Generation: 65 Best: 525 Avg: 283.8 Updates: 65439
EveryoneRewards
Lamarkian
Social
3 Generation: 66 Best: 675 Avg: 382.4 Updates: 69102
EveryoneRewards
Lamarkian
Social
3 Generation: 67 Best: 735 Avg: 102.9 Updates: 24156
EveryoneRewards
Lamarkian
Social
3 Generation: 68 Best: 225 Avg: 32.25 Updates: 3564
EveryoneRewards
Lamarkian
Social
3 Generation: 69 Best: 1505 Avg: 826 Updates: 156222
EveryoneRewards
Lamarkian
Social
3 Generation: 70 Best: 920 Avg: 459.9 Updates: 82863
EveryoneRewards
Lamarkian
Social
3 Generation: 71 Best: 570 Avg: 234.3 Updates: 62172
EveryoneRewards
Lamarkian
Social
3 Generation: 72 Best: 110 Avg: 76.1 Updates: 10395
EveryoneRewards
Lamarkian
Social
3 Generation: 73 Best: 385 Avg: 291.25 Updates: 62667
EveryoneRewards
Lamarkian
Social
3 Generation: 74 Best: 520 Avg: 106.9 Updates: 16731
EveryoneRewards
Lamarkian
Social
3 Generation: 75 Best: 1070 Avg: 345.6 Updates: 70686
EveryoneRewards
Lamarkian
Social
3 Generation: 76 Best: 785 Avg: 157.9 Updates: 25245
EveryoneRewards
Lamarkian
Social
3 Generation: 77 Best: 1135 Avg: 655.95 Updates: 120780
EveryoneRewards
Lamarkian
Social
3 Generation: 78 Best: 725 Avg: 211.9 Updates: 56034
EveryoneRewards
Lamarkian
Social
3 Generation: 79 Best: 760 Avg: 185.95 Updates: 35145
EveryoneRewards
Lamarkian
Social
3 Generation: 80 Best: 1030 Avg: 199.2 Updates: 34848
EveryoneRewards
Lamarkian
Social
3 Generation: 81 Best: 985 Avg: 516.7 Updates: 106029
EveryoneRewards
Lamarkian
Social
3 Generation: 82 Best: 100 Avg: 3.75 Updates: 1089
EveryoneRewards
Lamarkian
Social
3 Generation: 83 Best: 530 Avg: 178.4 Updates: 35541
EveryoneRewards
Lamarkian
Social
3 Generation: 84 Best: 1220 Avg: 637.7 Updates: 117810
EveryoneRewards
Lamarkian
Social
3 Generation: 85 Best: 1305 Avg: 516.9 Updates: 110880
EveryoneRewards
Lamarkian
Social
3 Generation: 86 Best: 220 Avg: 18.25 Updates: 8019
EveryoneRewards
Lamarkian
Social
3 Generation: 87 Best: 1230 Avg: 514.4 Updates: 107217
EveryoneRewards
Lamarkian
Social
3 Generation: 88 Best: 635 Avg: 270.4 Updates: 45243
EveryoneRewards
Lamarkian
Social
3 Generation: 89 Best: 1305 Avg: 348.95 Updates: 52767
EveryoneRewards
Lamarkian
Social
3 Generation: 90 Best: 520 Avg: 20.2 Updates: 9405
EveryoneRewards
Lamarkian
Social
3 Generation: 91 Best: 150 Avg: 51.5 Updates: 5247
EveryoneRewards
Lamarkian
Social
3 Generation: 92 Best: 1095 Avg: 394.6 Updates: 76329
EveryoneRewards
Lamarkian
Social
3 Generation: 93 Best: 550 Avg: 15.45 Updates: 2574
EveryoneRewards
Lamarkian
Social
3 Generation: 94 Best: 895 Avg: 352.8 Updates: 71082
EveryoneRewards
Lamarkian
Social
3 Generation: 95 Best: 935 Avg: 345 Updates: 74646
EveryoneRewards
Lamarkian
Social
3 Generation: 96 Best: 735 Avg: 301.4 Updates: 70785
EveryoneRewards
Lamarkian
Social
3 Generation: 97 Best: 1260 Avg: 615.25 Updates: 114345
EveryoneRewards
Lamarkian
Social
3 Generation: 98 Best: 1055 Avg: 365.45 Updates: 78408
EveryoneRewards
Lamarkian
Social
3 Generation: 99 Best: 1030 Avg: 308.8 Updates: 70389
EveryoneRewards
Lamarkian
Social
3 Generation: 100 Best: 1195 Avg: 485.5 Updates: 88506
EveryoneRewards
Lamarkian
Social
3 Generation: 101 Best: 775 Avg: 348.4 Updates: 64845
EveryoneRewards
Lamarkian
Social
3 Generation: 102 Best: 1095 Avg: 311.65 Updates: 65736
EveryoneRewards
Lamarkian
Social
3 Generation: 103 Best: 1405 Avg: 667.2 Updates: 130977
EveryoneRewards
Lamarkian
Social
3 Generation: 104 Best: 1045 Avg: 723.75 Updates: 121572
EveryoneRewards
Lamarkian
Social
3 Generation: 105 Best: 1390 Avg: 323.3 Updates: 69201
EveryoneRewards
Lamarkian
Social
3 Generation: 106 Best: 1595 Avg: 545.7 Updates: 102564
EveryoneRewards
Lamarkian
Social
3 Generation: 107 Best: 1440 Avg: 537.7 Updates: 112959
EveryoneRewards
Lamarkian
Social
3 Generation: 108 Best: 650 Avg: 26.05 Updates: 7128
EveryoneRewards
Lamarkian
Social
3 Generation: 109 Best: 805 Avg: 325.4 Updates: 70290
EveryoneRewards
Lamarkian
Social
3 Generation: 110 Best: 835 Avg: 436.05 Updates: 72270
EveryoneRewards
Lamarkian
Social
3 Generation: 111 Best: 1220 Avg: 436.2 Updates: 98604
EveryoneRewards
Lamarkian
Social
3 Generation: 112 Best: 1070 Avg: 598.8 Updates: 105831
EveryoneRewards
Lamarkian
Social
3 Generation: 113 Best: 1055 Avg: 216.85 Updates: 58905
EveryoneRewards
Lamarkian
Social
3 Generation: 114 Best: 200 Avg: 50.35 Updates: 14355
EveryoneRewards
Lamarkian
Social
3 Generation: 115 Best: 510 Avg: 136.85 Updates: 23958
EveryoneRewards
Lamarkian
Social
3 Generation: 116 Best: 1290 Avg: 403.75 Updates: 105732
EveryoneRewards
Lamarkian
Social
3 Generation: 117 Best: 1180 Avg: 517.4 Updates: 95139
EveryoneRewards
Lamarkian
Social
3 Generation: 118 Best: 1015 Avg: 331.6 Updates: 63657
EveryoneRewards
Lamarkian
Social
3 Generation: 119 Best: 1115 Avg: 182.3 Updates: 53955
EveryoneRewards
Lamarkian
Social
3 Generation: 120 Best: 925 Avg: 494.25 Updates: 110088
EveryoneRewards
Lamarkian
Social
3 Generation: 121 Best: 645 Avg: 197.55 Updates: 61974
EveryoneRewards
Lamarkian
Social
3 Generation: 122 Best: 1055 Avg: 277.4 Updates: 61380
EveryoneRewards
Lamarkian
Social
3 Generation: 123 Best: 1525 Avg: 741.7 Updates: 167409
EveryoneRewards
Lamarkian
Social
3 Generation: 124 Best: 1535 Avg: 740.7 Updates: 137313
EveryoneRewards
Lamarkian
Social
3 Generation: 125 Best: 1370 Avg: 717.9 Updates: 130977
EveryoneRewards
Lamarkian
Social
3 Generation: 126 Best: 385 Avg: 173.25 Updates: 57123
EveryoneRewards
Lamarkian
Social
3 Generation: 127 Best: 1030 Avg: 373.35 Updates: 72666
EveryoneRewards
Lamarkian
Social
3 Generation: 128 Best: 1595 Avg: 757.65 Updates: 144441
EveryoneRewards
Lamarkian
Social
3 Generation: 129 Best: 1075 Avg: 532.75 Updates: 110385
EveryoneRewards
Lamarkian
Social
3 Generation: 130 Best: 1590 Avg: 656.3 Updates: 117810
EveryoneRewards
Lamarkian
Social
3 Generation: 131 Best: 1045 Avg: 153.75 Updates: 27918
EveryoneRewards
Lamarkian
Social
3 Generation: 132 Best: 1090 Avg: 362.15 Updates: 85635
EveryoneRewards
Lamarkian
Social
3 Generation: 133 Best: 1500 Avg: 486.5 Updates: 90981
EveryoneRewards
Lamarkian
Social
3 Generation: 134 Best: 1345 Avg: 761.2 Updates: 153450
EveryoneRewards
Lamarkian
Social
3 Generation: 135 Best: 1435 Avg: 677.75 Updates: 140778
EveryoneRewards
Lamarkian
Social
3 Generation: 136 Best: 1160 Avg: 302.4 Updates: 47124
EveryoneRewards
Lamarkian
Social
3 Generation: 137 Best: 1130 Avg: 378 Updates: 85041
EveryoneRewards
Lamarkian
Social
3 Generation: 138 Best: 1165 Avg: 398.95 Updates: 87417
EveryoneRewards
Lamarkian
Social
3 Generation: 139 Best: 1005 Avg: 614.85 Updates: 117810
EveryoneRewards
Lamarkian
Social
3 Generation: 140 Best: 1790 Avg: 746.9 Updates: 163944
EveryoneRewards
Lamarkian
Social
3 Generation: 141 Best: 1405 Avg: 624.75 Updates: 110187
EveryoneRewards
Lamarkian
Social
3 Generation: 142 Best: 1645 Avg: 727.8 Updates: 151371
EveryoneRewards
Lamarkian
Social
3 Generation: 143 Best: 1450 Avg: 882 Updates: 165924
EveryoneRewards
Lamarkian
Social
3 Generation: 144 Best: 1440 Avg: 684.7 Updates: 131274
EveryoneRewards
Lamarkian
Social
3 Generation: 145 Best: 1155 Avg: 413.95 Updates: 69201
EveryoneRewards
Lamarkian
Social
3 Generation: 146 Best: 945 Avg: 500.05 Updates: 98901
EveryoneRewards
Lamarkian
Social
3 Generation: 147 Best: 1730 Avg: 1021.35 Updates: 202653
EveryoneRewards
Lamarkian
Social
3 Generation: 148 Best: 1610 Avg: 922.15 Updates: 193545
EveryoneRewards
Lamarkian
Social
3 Generation: 149 Best: 1140 Avg: 666.4 Updates: 120186
EveryoneRewards
Lamarkian
Social
3 Generation: 150 Best: 1045 Avg: 340.6 Updates: 69498
EveryoneRewards
Lamarkian
Social
3 Generation: 151 Best: 420 Avg: 43 Updates: 7326
EveryoneRewards
Lamarkian
Social
3 Generation: 152 Best: 1455 Avg: 559 Updates: 96030
EveryoneRewards
Lamarkian
Social
3 Generation: 153 Best: 1315 Avg: 316.9 Updates: 66726
EveryoneRewards
Lamarkian
Social
3 Generation: 154 Best: 1195 Avg: 603.15 Updates: 120780
EveryoneRewards
Lamarkian
Social
3 Generation: 155 Best: 1235 Avg: 421.75 Updates: 95436
EveryoneRewards
Lamarkian
Social
3 Generation: 156 Best: 1005 Avg: 399.55 Updates: 64845
EveryoneRewards
Lamarkian
Social
3 Generation: 157 Best: 1210 Avg: 349.8 Updates: 77418
EveryoneRewards
Lamarkian
Social
3 Generation: 158 Best: 1580 Avg: 729 Updates: 138996
EveryoneRewards
Lamarkian
Social
3 Generation: 159 Best: 1595 Avg: 893.25 Updates: 184635
EveryoneRewards
Lamarkian
Social
3 Generation: 160 Best: 1810 Avg: 760.75 Updates: 136917
EveryoneRewards
Lamarkian
Social
3 Generation: 161 Best: 1220 Avg: 522.8 Updates: 102465
EveryoneRewards
Lamarkian
Social
3 Generation: 162 Best: 1150 Avg: 294.05 Updates: 82962
EveryoneRewards
Lamarkian
Social
3 Generation: 163 Best: 1190 Avg: 463.55 Updates: 83160
EveryoneRewards
Lamarkian
Social
3 Generation: 164 Best: 1660 Avg: 891.65 Updates: 172656
EveryoneRewards
Lamarkian
Social
3 Generation: 165 Best: 1330 Avg: 650.7 Updates: 122859
EveryoneRewards
Lamarkian
Social
3 Generation: 166 Best: 50 Avg: 42 Updates: 16632
EveryoneRewards
Lamarkian
Social
3 Generation: 167 Best: 1335 Avg: 544.8 Updates: 89892
EveryoneRewards
Lamarkian
Social
3 Generation: 168 Best: 1275 Avg: 659.55 Updates: 131175
EveryoneRewards
Lamarkian
Social
3 Generation: 169 Best: 1355 Avg: 633.85 Updates: 117315
EveryoneRewards
Lamarkian
Social
3 Generation: 170 Best: 1525 Avg: 450.2 Updates: 100584
EveryoneRewards
Lamarkian
Social
3 Generation: 171 Best: 1295 Avg: 339.95 Updates: 69795
EveryoneRewards
Lamarkian
Social
3 Generation: 172 Best: 1175 Avg: 650.45 Updates: 123750
EveryoneRewards
Lamarkian
Social
3 Generation: 173 Best: 1280 Avg: 542.2 Updates: 104148
EveryoneRewards
Lamarkian
Social
3 Generation: 174 Best: 1230 Avg: 695 Updates: 148995
EveryoneRewards
Lamarkian
Social
3 Generation: 175 Best: 1855 Avg: 1045.4 Updates: 196416
EveryoneRewards
Lamarkian
Social
3 Generation: 176 Best: 1860 Avg: 718.8 Updates: 143649
EveryoneRewards
Lamarkian
Social
3 Generation: 177 Best: 1255 Avg: 635.7 Updates: 114741
EveryoneRewards
Lamarkian
Social
3 Generation: 178 Best: 1560 Avg: 542.1 Updates: 105435
EveryoneRewards
Lamarkian
Social
3 Generation: 179 Best: 785 Avg: 37.95 Updates: 6732
EveryoneRewards
Lamarkian
Social
3 Generation: 180 Best: 1195 Avg: 176 Updates: 40194
EveryoneRewards
Lamarkian
Social
3 Generation: 181 Best: 365 Avg: 165.95 Updates: 39699
EveryoneRewards
Lamarkian
Social
3 Generation: 182 Best: 1915 Avg: 994.2 Updates: 165924
EveryoneRewards
Lamarkian
Social
3 Generation: 183 Best: 1565 Avg: 1041.25 Updates: 187308
EveryoneRewards
Lamarkian
Social
3 Generation: 184 Best: 1990 Avg: 888.4 Updates: 156618
EveryoneRewards
Lamarkian
Social
3 Generation: 185 Best: 1985 Avg: 1104.75 Updates: 198000
EveryoneRewards
Lamarkian
Social
3 Generation: 186 Best: 1520 Avg: 731.4 Updates: 137709
EveryoneRewards
Lamarkian
Social
3 Generation: 187 Best: 1110 Avg: 373.65 Updates: 72963
EveryoneRewards
Lamarkian
Social
3 Generation: 188 Best: 1830 Avg: 1019.65 Updates: 196218
EveryoneRewards
Lamarkian
Social
3 Generation: 189 Best: 1285 Avg: 264.2 Updates: 80883
EveryoneRewards
Lamarkian
Social
3 Generation: 190 Best: 1370 Avg: 498.05 Updates: 90486
EveryoneRewards
Lamarkian
Social
3 Generation: 191 Best: 1105 Avg: 319.95 Updates: 57717
EveryoneRewards
Lamarkian
Social
3 Generation: 192 Best: 1800 Avg: 768.25 Updates: 154539
EveryoneRewards
Lamarkian
Social
3 Generation: 193 Best: 2095 Avg: 781.45 Updates: 144936
EveryoneRewards
Lamarkian
Social
3 Generation: 194 Best: 1640 Avg: 642.25 Updates: 120780
EveryoneRewards
Lamarkian
Social
3 Generation: 195 Best: 860 Avg: 39.35 Updates: 8613
EveryoneRewards
Lamarkian
Social
3 Generation: 196 Best: 1865 Avg: 774.05 Updates: 150282
EveryoneRewards
Lamarkian
Social
3 Generation: 197 Best: 1565 Avg: 816.75 Updates: 173250
EveryoneRewards
Lamarkian
Social
3 Generation: 198 Best: 1155 Avg: 254.4 Updates: 61677
EveryoneRewards
Lamarkian
Social
3 Generation: 199 Best: 980 Avg: 391.4 Updates: 73359
EveryoneRewards
Lamarkian
Social
3 Generation: 200 Best: 1420 Avg: 654.4 Updates: 134442
3 Finished!
