EveryoneRewards
Lamarkian
Social
2 Generation: 0 Best: 1090 Avg: 256.45 Updates: 57222
EveryoneRewards
Lamarkian
Social
2 Generation: 1 Best: 645 Avg: 124.4 Updates: 19800
EveryoneRewards
Lamarkian
Social
2 Generation: 2 Best: 325 Avg: 181 Updates: 22374
EveryoneRewards
Lamarkian
Social
2 Generation: 3 Best: 420 Avg: 27.7 Updates: 7128
EveryoneRewards
Lamarkian
Social
2 Generation: 4 Best: 310 Avg: 59.55 Updates: 13662
EveryoneRewards
Lamarkian
Social
2 Generation: 5 Best: 60 Avg: 18.35 Updates: 6633
EveryoneRewards
Lamarkian
Social
2 Generation: 6 Best: 195 Avg: 46.15 Updates: 6039
EveryoneRewards
Lamarkian
Social
2 Generation: 7 Best: 275 Avg: 38.6 Updates: 11880
EveryoneRewards
Lamarkian
Social
2 Generation: 8 Best: 300 Avg: 58.75 Updates: 16335
EveryoneRewards
Lamarkian
Social
2 Generation: 9 Best: 585 Avg: 38 Updates: 15147
EveryoneRewards
Lamarkian
Social
2 Generation: 10 Best: 445 Avg: 220.75 Updates: 44748
EveryoneRewards
Lamarkian
Social
2 Generation: 11 Best: 150 Avg: 33.75 Updates: 4455
EveryoneRewards
Lamarkian
Social
2 Generation: 12 Best: 695 Avg: 442.9 Updates: 84249
EveryoneRewards
Lamarkian
Social
2 Generation: 13 Best: 810 Avg: 151.4 Updates: 28116
EveryoneRewards
Lamarkian
Social
2 Generation: 14 Best: 1425 Avg: 590.3 Updates: 99594
EveryoneRewards
Lamarkian
Social
2 Generation: 15 Best: 1185 Avg: 517 Updates: 100188
EveryoneRewards
Lamarkian
Social
2 Generation: 16 Best: 1090 Avg: 295.45 Updates: 44352
EveryoneRewards
Lamarkian
Social
2 Generation: 17 Best: 1045 Avg: 394.3 Updates: 80388
EveryoneRewards
Lamarkian
Social
2 Generation: 18 Best: 1745 Avg: 651.15 Updates: 118701
EveryoneRewards
Lamarkian
Social
2 Generation: 19 Best: 1455 Avg: 523.55 Updates: 89595
EveryoneRewards
Lamarkian
Social
2 Generation: 20 Best: 1130 Avg: 236.35 Updates: 57618
EveryoneRewards
Lamarkian
Social
2 Generation: 21 Best: 900 Avg: 332.2 Updates: 64053
EveryoneRewards
Lamarkian
Social
2 Generation: 22 Best: 800 Avg: 35.25 Updates: 5148
EveryoneRewards
Lamarkian
Social
2 Generation: 23 Best: 725 Avg: 64.5 Updates: 14949
EveryoneRewards
Lamarkian
Social
2 Generation: 24 Best: 945 Avg: 323.45 Updates: 54153
EveryoneRewards
Lamarkian
Social
2 Generation: 25 Best: 125 Avg: 62.75 Updates: 8316
EveryoneRewards
Lamarkian
Social
2 Generation: 26 Best: 400 Avg: 79.25 Updates: 18513
EveryoneRewards
Lamarkian
Social
2 Generation: 27 Best: 260 Avg: 26.55 Updates: 5742
EveryoneRewards
Lamarkian
Social
2 Generation: 28 Best: 510 Avg: 289.35 Updates: 42570
EveryoneRewards
Lamarkian
Social
2 Generation: 29 Best: 695 Avg: 126.2 Updates: 25443
EveryoneRewards
Lamarkian
Social
2 Generation: 30 Best: 560 Avg: 178.65 Updates: 35046
EveryoneRewards
Lamarkian
Social
2 Generation: 31 Best: 575 Avg: 92.95 Updates: 17127
EveryoneRewards
Lamarkian
Social
2 Generation: 32 Best: 985 Avg: 329.5 Updates: 60885
EveryoneRewards
Lamarkian
Social
2 Generation: 33 Best: 770 Avg: 302 Updates: 48609
EveryoneRewards
Lamarkian
Social
2 Generation: 34 Best: 1495 Avg: 513.05 Updates: 92466
EveryoneRewards
Lamarkian
Social
2 Generation: 35 Best: 1430 Avg: 573.95 Updates: 96228
EveryoneRewards
Lamarkian
Social
2 Generation: 36 Best: 1320 Avg: 424.2 Updates: 72072
EveryoneRewards
Lamarkian
Social
2 Generation: 37 Best: 1020 Avg: 348.35 Updates: 59994
EveryoneRewards
Lamarkian
Social
2 Generation: 38 Best: 1340 Avg: 683.2 Updates: 141768
EveryoneRewards
Lamarkian
Social
2 Generation: 39 Best: 1430 Avg: 577.25 Updates: 95931
EveryoneRewards
Lamarkian
Social
2 Generation: 40 Best: 1375 Avg: 793.9 Updates: 141471
EveryoneRewards
Lamarkian
Social
2 Generation: 41 Best: 755 Avg: 287.55 Updates: 35838
EveryoneRewards
Lamarkian
Social
2 Generation: 42 Best: 705 Avg: 237 Updates: 43461
EveryoneRewards
Lamarkian
Social
2 Generation: 43 Best: 1605 Avg: 283.55 Updates: 54450
EveryoneRewards
Lamarkian
Social
2 Generation: 44 Best: 1655 Avg: 443.75 Updates: 83160
EveryoneRewards
Lamarkian
Social
2 Generation: 45 Best: 1530 Avg: 612.45 Updates: 102267
EveryoneRewards
Lamarkian
Social
2 Generation: 46 Best: 900 Avg: 223.4 Updates: 45342
EveryoneRewards
Lamarkian
Social
2 Generation: 47 Best: 810 Avg: 169.8 Updates: 21780
EveryoneRewards
Lamarkian
Social
2 Generation: 48 Best: 910 Avg: 619.45 Updates: 91476
EveryoneRewards
Lamarkian
Social
2 Generation: 49 Best: 320 Avg: 128.6 Updates: 20394
EveryoneRewards
Lamarkian
Social
2 Generation: 50 Best: 260 Avg: 188.15 Updates: 41085
EveryoneRewards
Lamarkian
Social
2 Generation: 51 Best: 440 Avg: 305.1 Updates: 38115
EveryoneRewards
Lamarkian
Social
2 Generation: 52 Best: 675 Avg: 411.95 Updates: 79992
EveryoneRewards
Lamarkian
Social
2 Generation: 53 Best: 1495 Avg: 912.15 Updates: 157212
EveryoneRewards
Lamarkian
Social
2 Generation: 54 Best: 1445 Avg: 593.25 Updates: 92763
EveryoneRewards
Lamarkian
Social
2 Generation: 55 Best: 1545 Avg: 697.6 Updates: 124641
EveryoneRewards
Lamarkian
Social
2 Generation: 56 Best: 2220 Avg: 1046.2 Updates: 179784
EveryoneRewards
Lamarkian
Social
2 Generation: 57 Best: 1805 Avg: 875.45 Updates: 143352
EveryoneRewards
Lamarkian
Social
2 Generation: 58 Best: 1650 Avg: 794.05 Updates: 155925
EveryoneRewards
Lamarkian
Social
2 Generation: 59 Best: 1555 Avg: 742.25 Updates: 153549
EveryoneRewards
Lamarkian
Social
2 Generation: 60 Best: 1485 Avg: 389.85 Updates: 69795
EveryoneRewards
Lamarkian
Social
2 Generation: 61 Best: 1915 Avg: 904.6 Updates: 172359
EveryoneRewards
Lamarkian
Social
2 Generation: 62 Best: 1710 Avg: 585.55 Updates: 108009
EveryoneRewards
Lamarkian
Social
2 Generation: 63 Best: 1850 Avg: 715.1 Updates: 117414
EveryoneRewards
Lamarkian
Social
2 Generation: 64 Best: 980 Avg: 18.6 Updates: 4059
EveryoneRewards
Lamarkian
Social
2 Generation: 65 Best: 1995 Avg: 722.95 Updates: 105633
EveryoneRewards
Lamarkian
Social
2 Generation: 66 Best: 1980 Avg: 1051.6 Updates: 173250
EveryoneRewards
Lamarkian
Social
2 Generation: 67 Best: 1920 Avg: 906 Updates: 163251
EveryoneRewards
Lamarkian
Social
2 Generation: 68 Best: 900 Avg: 65.4 Updates: 16335
EveryoneRewards
Lamarkian
Social
2 Generation: 69 Best: 1565 Avg: 660.35 Updates: 117513
EveryoneRewards
Lamarkian
Social
2 Generation: 70 Best: 1810 Avg: 712.2 Updates: 138798
EveryoneRewards
Lamarkian
Social
2 Generation: 71 Best: 2160 Avg: 718.65 Updates: 150876
EveryoneRewards
Lamarkian
Social
2 Generation: 72 Best: 1860 Avg: 947.7 Updates: 180180
EveryoneRewards
Lamarkian
Social
2 Generation: 73 Best: 1460 Avg: 517.45 Updates: 95238
EveryoneRewards
Lamarkian
Social
2 Generation: 74 Best: 1155 Avg: 585.7 Updates: 102465
EveryoneRewards
Lamarkian
Social
2 Generation: 75 Best: 875 Avg: 93.5 Updates: 16731
EveryoneRewards
Lamarkian
Social
2 Generation: 76 Best: 1190 Avg: 527.45 Updates: 98406
EveryoneRewards
Lamarkian
Social
2 Generation: 77 Best: 1120 Avg: 267.4 Updates: 45045
EveryoneRewards
Lamarkian
Social
2 Generation: 78 Best: 1855 Avg: 754 Updates: 123849
EveryoneRewards
Lamarkian
Social
2 Generation: 79 Best: 1660 Avg: 673.05 Updates: 114048
EveryoneRewards
Lamarkian
Social
2 Generation: 80 Best: 995 Avg: 130.95 Updates: 23562
EveryoneRewards
Lamarkian
Social
2 Generation: 81 Best: 1350 Avg: 747.25 Updates: 136917
EveryoneRewards
Lamarkian
Social
2 Generation: 82 Best: 2320 Avg: 1208.35 Updates: 196911
EveryoneRewards
Lamarkian
Social
2 Generation: 83 Best: 1350 Avg: 344.1 Updates: 56826
EveryoneRewards
Lamarkian
Social
2 Generation: 84 Best: 550 Avg: 194.75 Updates: 29205
EveryoneRewards
Lamarkian
Social
2 Generation: 85 Best: 2180 Avg: 1191.95 Updates: 211068
EveryoneRewards
Lamarkian
Social
2 Generation: 86 Best: 1920 Avg: 810.5 Updates: 150777
EveryoneRewards
Lamarkian
Social
2 Generation: 87 Best: 1725 Avg: 725.65 Updates: 137907
EveryoneRewards
Lamarkian
Social
2 Generation: 88 Best: 725 Avg: 37 Updates: 11682
EveryoneRewards
Lamarkian
Social
2 Generation: 89 Best: 1135 Avg: 511.75 Updates: 99000
EveryoneRewards
Lamarkian
Social
2 Generation: 90 Best: 1120 Avg: 420 Updates: 87714
EveryoneRewards
Lamarkian
Social
2 Generation: 91 Best: 985 Avg: 341.95 Updates: 67320
EveryoneRewards
Lamarkian
Social
2 Generation: 92 Best: 595 Avg: 273.55 Updates: 56925
EveryoneRewards
Lamarkian
Social
2 Generation: 93 Best: 745 Avg: 191.85 Updates: 39798
EveryoneRewards
Lamarkian
Social
2 Generation: 94 Best: 600 Avg: 246.8 Updates: 46233
EveryoneRewards
Lamarkian
Social
2 Generation: 95 Best: 1185 Avg: 470.9 Updates: 87021
EveryoneRewards
Lamarkian
Social
2 Generation: 96 Best: 1045 Avg: 351.15 Updates: 57024
EveryoneRewards
Lamarkian
Social
2 Generation: 97 Best: 775 Avg: 164.25 Updates: 36234
EveryoneRewards
Lamarkian
Social
2 Generation: 98 Best: 900 Avg: 323.55 Updates: 50688
EveryoneRewards
Lamarkian
Social
2 Generation: 99 Best: 395 Avg: 145.1 Updates: 30294
EveryoneRewards
Lamarkian
Social
2 Generation: 100 Best: 2110 Avg: 1062.2 Updates: 203247
EveryoneRewards
Lamarkian
Social
2 Generation: 101 Best: 1920 Avg: 900.7 Updates: 183249
EveryoneRewards
Lamarkian
Social
2 Generation: 102 Best: 1815 Avg: 1068.4 Updates: 199881
EveryoneRewards
Lamarkian
Social
2 Generation: 103 Best: 1790 Avg: 969.65 Updates: 180675
EveryoneRewards
Lamarkian
Social
2 Generation: 104 Best: 2555 Avg: 1760.95 Updates: 275121
EveryoneRewards
Lamarkian
Social
2 Generation: 105 Best: 1640 Avg: 704.15 Updates: 151767
EveryoneRewards
Lamarkian
Social
2 Generation: 106 Best: 2295 Avg: 1466.5 Updates: 264726
EveryoneRewards
Lamarkian
Social
2 Generation: 107 Best: 1770 Avg: 923.3 Updates: 161964
EveryoneRewards
Lamarkian
Social
2 Generation: 108 Best: 1250 Avg: 430.35 Updates: 78804
EveryoneRewards
Lamarkian
Social
2 Generation: 109 Best: 1625 Avg: 686.9 Updates: 121374
EveryoneRewards
Lamarkian
Social
2 Generation: 110 Best: 1895 Avg: 889.75 Updates: 177903
EveryoneRewards
Lamarkian
Social
2 Generation: 111 Best: 1945 Avg: 1019.4 Updates: 177804
EveryoneRewards
Lamarkian
Social
2 Generation: 112 Best: 1750 Avg: 818.05 Updates: 150876
EveryoneRewards
Lamarkian
Social
2 Generation: 113 Best: 1020 Avg: 150.3 Updates: 36234
EveryoneRewards
Lamarkian
Social
2 Generation: 114 Best: 1610 Avg: 961.25 Updates: 170676
EveryoneRewards
Lamarkian
Social
2 Generation: 115 Best: 2200 Avg: 927.35 Updates: 169092
EveryoneRewards
Lamarkian
Social
2 Generation: 116 Best: 1870 Avg: 723.8 Updates: 127710
EveryoneRewards
Lamarkian
Social
2 Generation: 117 Best: 1955 Avg: 1069.85 Updates: 176220
EveryoneRewards
Lamarkian
Social
2 Generation: 118 Best: 1555 Avg: 501.95 Updates: 113652
EveryoneRewards
Lamarkian
Social
2 Generation: 119 Best: 2220 Avg: 984.55 Updates: 182853
EveryoneRewards
Lamarkian
Social
2 Generation: 120 Best: 1755 Avg: 835.35 Updates: 150975
EveryoneRewards
Lamarkian
Social
2 Generation: 121 Best: 1765 Avg: 914.7 Updates: 170874
EveryoneRewards
Lamarkian
Social
2 Generation: 122 Best: 1725 Avg: 697.6 Updates: 131967
EveryoneRewards
Lamarkian
Social
2 Generation: 123 Best: 2165 Avg: 1001.4 Updates: 171270
EveryoneRewards
Lamarkian
Social
2 Generation: 124 Best: 900 Avg: 297.1 Updates: 60093
EveryoneRewards
Lamarkian
Social
2 Generation: 125 Best: 1125 Avg: 351.95 Updates: 73557
EveryoneRewards
Lamarkian
Social
2 Generation: 126 Best: 1620 Avg: 873.1 Updates: 153846
EveryoneRewards
Lamarkian
Social
2 Generation: 127 Best: 1645 Avg: 906.6 Updates: 166815
EveryoneRewards
Lamarkian
Social
2 Generation: 128 Best: 1660 Avg: 562.65 Updates: 102069
EveryoneRewards
Lamarkian
Social
2 Generation: 129 Best: 1320 Avg: 469.65 Updates: 92070
EveryoneRewards
Lamarkian
Social
2 Generation: 130 Best: 2390 Avg: 704.35 Updates: 119493
EveryoneRewards
Lamarkian
Social
2 Generation: 131 Best: 1600 Avg: 534.1 Updates: 95931
EveryoneRewards
Lamarkian
Social
2 Generation: 132 Best: 1095 Avg: 381.65 Updates: 71577
EveryoneRewards
Lamarkian
Social
2 Generation: 133 Best: 1280 Avg: 401.3 Updates: 72171
EveryoneRewards
Lamarkian
Social
2 Generation: 134 Best: 2465 Avg: 1088 Updates: 201267
EveryoneRewards
Lamarkian
Social
2 Generation: 135 Best: 1420 Avg: 817.15 Updates: 132165
EveryoneRewards
Lamarkian
Social
2 Generation: 136 Best: 885 Avg: 285.95 Updates: 48114
EveryoneRewards
Lamarkian
Social
2 Generation: 137 Best: 1530 Avg: 752.35 Updates: 145728
EveryoneRewards
Lamarkian
Social
2 Generation: 138 Best: 1960 Avg: 382.35 Updates: 63063
EveryoneRewards
Lamarkian
Social
2 Generation: 139 Best: 910 Avg: 141.9 Updates: 26334
EveryoneRewards
Lamarkian
Social
2 Generation: 140 Best: 1245 Avg: 371.1 Updates: 52668
EveryoneRewards
Lamarkian
Social
2 Generation: 141 Best: 1665 Avg: 518.3 Updates: 120681
EveryoneRewards
Lamarkian
Social
2 Generation: 142 Best: 815 Avg: 104.15 Updates: 15642
EveryoneRewards
Lamarkian
Social
2 Generation: 143 Best: 1860 Avg: 714.95 Updates: 127611
EveryoneRewards
Lamarkian
Social
2 Generation: 144 Best: 1750 Avg: 482.1 Updates: 72666
EveryoneRewards
Lamarkian
Social
2 Generation: 145 Best: 1960 Avg: 936.6 Updates: 173646
EveryoneRewards
Lamarkian
Social
2 Generation: 146 Best: 2005 Avg: 500.15 Updates: 69399
EveryoneRewards
Lamarkian
Social
2 Generation: 147 Best: 1330 Avg: 253.4 Updates: 45144
EveryoneRewards
Lamarkian
Social
2 Generation: 148 Best: 335 Avg: 16.85 Updates: 10890
EveryoneRewards
Lamarkian
Social
2 Generation: 149 Best: 1050 Avg: 252.75 Updates: 37818
EveryoneRewards
Lamarkian
Social
2 Generation: 150 Best: 1610 Avg: 687 Updates: 112860
EveryoneRewards
Lamarkian
Social
2 Generation: 151 Best: 2235 Avg: 775.65 Updates: 157509
EveryoneRewards
Lamarkian
Social
2 Generation: 152 Best: 1685 Avg: 591.15 Updates: 101079
EveryoneRewards
Lamarkian
Social
2 Generation: 153 Best: 2250 Avg: 1300.65 Updates: 239283
EveryoneRewards
Lamarkian
Social
2 Generation: 154 Best: 1270 Avg: 535.45 Updates: 95337
EveryoneRewards
Lamarkian
Social
2 Generation: 155 Best: 1830 Avg: 838.9 Updates: 136620
EveryoneRewards
Lamarkian
Social
2 Generation: 156 Best: 1670 Avg: 301.9 Updates: 50589
EveryoneRewards
Lamarkian
Social
2 Generation: 157 Best: 1320 Avg: 353.7 Updates: 83853
EveryoneRewards
Lamarkian
Social
2 Generation: 158 Best: 780 Avg: 84.55 Updates: 15246
EveryoneRewards
Lamarkian
Social
2 Generation: 159 Best: 2110 Avg: 965.6 Updates: 172656
EveryoneRewards
Lamarkian
Social
2 Generation: 160 Best: 2340 Avg: 829.35 Updates: 136422
EveryoneRewards
Lamarkian
Social
2 Generation: 161 Best: 2065 Avg: 1045.45 Updates: 169389
EveryoneRewards
Lamarkian
Social
2 Generation: 162 Best: 2010 Avg: 1328.8 Updates: 253737
EveryoneRewards
Lamarkian
Social
2 Generation: 163 Best: 1415 Avg: 799.2 Updates: 149292
EveryoneRewards
Lamarkian
Social
2 Generation: 164 Best: 1895 Avg: 1164.55 Updates: 218097
EveryoneRewards
Lamarkian
Social
2 Generation: 165 Best: 2680 Avg: 1136.8 Updates: 172359
EveryoneRewards
Lamarkian
Social
2 Generation: 166 Best: 2225 Avg: 1127.1 Updates: 196614
EveryoneRewards
Lamarkian
Social
2 Generation: 167 Best: 2205 Avg: 1427.3 Updates: 249381
EveryoneRewards
Lamarkian
Social
2 Generation: 168 Best: 1395 Avg: 201.65 Updates: 33264
EveryoneRewards
Lamarkian
Social
2 Generation: 169 Best: 1360 Avg: 563.65 Updates: 115830
EveryoneRewards
Lamarkian
Social
2 Generation: 170 Best: 855 Avg: 161.4 Updates: 19899
EveryoneRewards
Lamarkian
Social
2 Generation: 171 Best: 845 Avg: 242.05 Updates: 31581
EveryoneRewards
Lamarkian
Social
2 Generation: 172 Best: 1080 Avg: 634.95 Updates: 108009
EveryoneRewards
Lamarkian
Social
2 Generation: 173 Best: 1505 Avg: 827.65 Updates: 138204
EveryoneRewards
Lamarkian
Social
2 Generation: 174 Best: 1220 Avg: 488.2 Updates: 103158
EveryoneRewards
Lamarkian
Social
2 Generation: 175 Best: 570 Avg: 256.6 Updates: 44154
EveryoneRewards
Lamarkian
Social
2 Generation: 176 Best: 810 Avg: 426.3 Updates: 69894
EveryoneRewards
Lamarkian
Social
2 Generation: 177 Best: 1510 Avg: 650.05 Updates: 135036
EveryoneRewards
Lamarkian
Social
2 Generation: 178 Best: 1035 Avg: 499.4 Updates: 78210
EveryoneRewards
Lamarkian
Social
2 Generation: 179 Best: 1655 Avg: 452.65 Updates: 72270
EveryoneRewards
Lamarkian
Social
2 Generation: 180 Best: 1620 Avg: 623.45 Updates: 116919
EveryoneRewards
Lamarkian
Social
2 Generation: 181 Best: 1655 Avg: 860.55 Updates: 145629
EveryoneRewards
Lamarkian
Social
2 Generation: 182 Best: 1775 Avg: 1062.45 Updates: 181764
EveryoneRewards
Lamarkian
Social
2 Generation: 183 Best: 1630 Avg: 341.4 Updates: 55143
EveryoneRewards
Lamarkian
Social
2 Generation: 184 Best: 1485 Avg: 799.3 Updates: 154440
EveryoneRewards
Lamarkian
Social
2 Generation: 185 Best: 1880 Avg: 864.9 Updates: 158499
EveryoneRewards
Lamarkian
Social
2 Generation: 186 Best: 1320 Avg: 425.75 Updates: 65241
EveryoneRewards
Lamarkian
Social
2 Generation: 187 Best: 680 Avg: 162.15 Updates: 33858
EveryoneRewards
Lamarkian
Social
2 Generation: 188 Best: 1465 Avg: 578.65 Updates: 86922
EveryoneRewards
Lamarkian
Social
2 Generation: 189 Best: 1195 Avg: 237.45 Updates: 43758
EveryoneRewards
Lamarkian
Social
2 Generation: 190 Best: 950 Avg: 465.1 Updates: 70389
EveryoneRewards
Lamarkian
Social
2 Generation: 191 Best: 1100 Avg: 421.25 Updates: 68607
EveryoneRewards
Lamarkian
Social
2 Generation: 192 Best: 1600 Avg: 560.35 Updates: 104346
EveryoneRewards
Lamarkian
Social
2 Generation: 193 Best: 375 Avg: 117.05 Updates: 19701
EveryoneRewards
Lamarkian
Social
2 Generation: 194 Best: 1010 Avg: 481.85 Updates: 98109
EveryoneRewards
Lamarkian
Social
2 Generation: 195 Best: 635 Avg: 246.05 Updates: 39105
EveryoneRewards
Lamarkian
Social
2 Generation: 196 Best: 945 Avg: 473.35 Updates: 90387
EveryoneRewards
Lamarkian
Social
2 Generation: 197 Best: 1415 Avg: 680 Updates: 126720
EveryoneRewards
Lamarkian
Social
2 Generation: 198 Best: 1560 Avg: 636.2 Updates: 90882
EveryoneRewards
Lamarkian
Social
2 Generation: 199 Best: 1380 Avg: 604.35 Updates: 101574
EveryoneRewards
Lamarkian
Social
2 Generation: 200 Best: 920 Avg: 445.3 Updates: 94347
2 Finished!
