EveryoneRewards
Lamarkian
Social
4 Generation: 0 Best: 1135 Avg: 379.8 Updates: 66033
EveryoneRewards
Lamarkian
Social
4 Generation: 1 Best: 550 Avg: 202.1 Updates: 34353
EveryoneRewards
Lamarkian
Social
4 Generation: 2 Best: 50 Avg: 17 Updates: 5544
EveryoneRewards
Lamarkian
Social
4 Generation: 3 Best: 75 Avg: 50.25 Updates: 6633
EveryoneRewards
Lamarkian
Social
4 Generation: 4 Best: 560 Avg: 40.85 Updates: 13563
EveryoneRewards
Lamarkian
Social
4 Generation: 5 Best: 365 Avg: 170.75 Updates: 39501
EveryoneRewards
Lamarkian
Social
4 Generation: 6 Best: 280 Avg: 72.25 Updates: 22968
EveryoneRewards
Lamarkian
Social
4 Generation: 7 Best: 505 Avg: 122.25 Updates: 33462
EveryoneRewards
Lamarkian
Social
4 Generation: 8 Best: 1340 Avg: 605.35 Updates: 117612
EveryoneRewards
Lamarkian
Social
4 Generation: 9 Best: 1060 Avg: 140.95 Updates: 30294
EveryoneRewards
Lamarkian
Social
4 Generation: 10 Best: 1075 Avg: 417.1 Updates: 79992
EveryoneRewards
Lamarkian
Social
4 Generation: 11 Best: 1130 Avg: 166.8 Updates: 36234
EveryoneRewards
Lamarkian
Social
4 Generation: 12 Best: 505 Avg: 83.7 Updates: 22968
EveryoneRewards
Lamarkian
Social
4 Generation: 13 Best: 1005 Avg: 380.2 Updates: 74646
EveryoneRewards
Lamarkian
Social
4 Generation: 14 Best: 570 Avg: 199.85 Updates: 36630
EveryoneRewards
Lamarkian
Social
4 Generation: 15 Best: 610 Avg: 219.2 Updates: 43659
EveryoneRewards
Lamarkian
Social
4 Generation: 16 Best: 405 Avg: 96.3 Updates: 28512
EveryoneRewards
Lamarkian
Social
4 Generation: 17 Best: 780 Avg: 392.4 Updates: 80487
EveryoneRewards
Lamarkian
Social
4 Generation: 18 Best: 490 Avg: 125.3 Updates: 30492
EveryoneRewards
Lamarkian
Social
4 Generation: 19 Best: 1265 Avg: 384.25 Updates: 73359
EveryoneRewards
Lamarkian
Social
4 Generation: 20 Best: 1100 Avg: 433.4 Updates: 89496
EveryoneRewards
Lamarkian
Social
4 Generation: 21 Best: 1035 Avg: 246.1 Updates: 39798
EveryoneRewards
Lamarkian
Social
4 Generation: 22 Best: 345 Avg: 105.15 Updates: 20097
EveryoneRewards
Lamarkian
Social
4 Generation: 23 Best: 735 Avg: 164.45 Updates: 22275
EveryoneRewards
Lamarkian
Social
4 Generation: 24 Best: 1170 Avg: 442.9 Updates: 61578
EveryoneRewards
Lamarkian
Social
4 Generation: 25 Best: 870 Avg: 423.15 Updates: 69003
EveryoneRewards
Lamarkian
Social
4 Generation: 26 Best: 1030 Avg: 567.75 Updates: 99396
EveryoneRewards
Lamarkian
Social
4 Generation: 27 Best: 1560 Avg: 539.5 Updates: 89991
EveryoneRewards
Lamarkian
Social
4 Generation: 28 Best: 1105 Avg: 355.85 Updates: 80784
EveryoneRewards
Lamarkian
Social
4 Generation: 29 Best: 540 Avg: 212.35 Updates: 47025
EveryoneRewards
Lamarkian
Social
4 Generation: 30 Best: 1315 Avg: 542.7 Updates: 94347
EveryoneRewards
Lamarkian
Social
4 Generation: 31 Best: 720 Avg: 144.9 Updates: 31284
EveryoneRewards
Lamarkian
Social
4 Generation: 32 Best: 1465 Avg: 828.8 Updates: 158301
EveryoneRewards
Lamarkian
Social
4 Generation: 33 Best: 1215 Avg: 476.05 Updates: 102861
EveryoneRewards
Lamarkian
Social
4 Generation: 34 Best: 1490 Avg: 714.8 Updates: 141570
EveryoneRewards
Lamarkian
Social
4 Generation: 35 Best: 1615 Avg: 496.9 Updates: 95337
EveryoneRewards
Lamarkian
Social
4 Generation: 36 Best: 595 Avg: 64.05 Updates: 14949
EveryoneRewards
Lamarkian
Social
4 Generation: 37 Best: 460 Avg: 75.8 Updates: 20097
EveryoneRewards
Lamarkian
Social
4 Generation: 38 Best: 995 Avg: 408.1 Updates: 61875
EveryoneRewards
Lamarkian
Social
4 Generation: 39 Best: 1170 Avg: 385.8 Updates: 78804
EveryoneRewards
Lamarkian
Social
4 Generation: 40 Best: 1305 Avg: 522.25 Updates: 95832
EveryoneRewards
Lamarkian
Social
4 Generation: 41 Best: 1265 Avg: 476.45 Updates: 90486
EveryoneRewards
Lamarkian
Social
4 Generation: 42 Best: 1220 Avg: 461.6 Updates: 86031
EveryoneRewards
Lamarkian
Social
4 Generation: 43 Best: 965 Avg: 503.9 Updates: 101871
EveryoneRewards
Lamarkian
Social
4 Generation: 44 Best: 1435 Avg: 158.1 Updates: 33165
EveryoneRewards
Lamarkian
Social
4 Generation: 45 Best: 1240 Avg: 551.45 Updates: 92367
EveryoneRewards
Lamarkian
Social
4 Generation: 46 Best: 1235 Avg: 455.85 Updates: 101178
EveryoneRewards
Lamarkian
Social
4 Generation: 47 Best: 1100 Avg: 201.7 Updates: 43263
EveryoneRewards
Lamarkian
Social
4 Generation: 48 Best: 210 Avg: 10.9 Updates: 2079
EveryoneRewards
Lamarkian
Social
4 Generation: 49 Best: 510 Avg: 56.35 Updates: 18018
EveryoneRewards
Lamarkian
Social
4 Generation: 50 Best: 890 Avg: 365.15 Updates: 76527
EveryoneRewards
Lamarkian
Social
4 Generation: 51 Best: 525 Avg: 98.6 Updates: 24849
EveryoneRewards
Lamarkian
Social
4 Generation: 52 Best: 1500 Avg: 410.1 Updates: 79695
EveryoneRewards
Lamarkian
Social
4 Generation: 53 Best: 930 Avg: 449.2 Updates: 81873
EveryoneRewards
Lamarkian
Social
4 Generation: 54 Best: 1145 Avg: 421.95 Updates: 76824
EveryoneRewards
Lamarkian
Social
4 Generation: 55 Best: 1790 Avg: 651.6 Updates: 109197
EveryoneRewards
Lamarkian
Social
4 Generation: 56 Best: 1355 Avg: 642.75 Updates: 120285
EveryoneRewards
Lamarkian
Social
4 Generation: 57 Best: 1225 Avg: 536.3 Updates: 110286
EveryoneRewards
Lamarkian
Social
4 Generation: 58 Best: 990 Avg: 358.9 Updates: 81477
EveryoneRewards
Lamarkian
Social
4 Generation: 59 Best: 1220 Avg: 432.2 Updates: 90684
EveryoneRewards
Lamarkian
Social
4 Generation: 60 Best: 665 Avg: 165.75 Updates: 34353
EveryoneRewards
Lamarkian
Social
4 Generation: 61 Best: 685 Avg: 224.75 Updates: 43560
EveryoneRewards
Lamarkian
Social
4 Generation: 62 Best: 335 Avg: 44.9 Updates: 7425
EveryoneRewards
Lamarkian
Social
4 Generation: 63 Best: 455 Avg: 168.95 Updates: 26631
EveryoneRewards
Lamarkian
Social
4 Generation: 64 Best: 505 Avg: 135.9 Updates: 25146
EveryoneRewards
Lamarkian
Social
4 Generation: 65 Best: 480 Avg: 57.45 Updates: 10395
EveryoneRewards
Lamarkian
Social
4 Generation: 66 Best: 850 Avg: 240.3 Updates: 48312
EveryoneRewards
Lamarkian
Social
4 Generation: 67 Best: 350 Avg: 180.1 Updates: 39798
EveryoneRewards
Lamarkian
Social
4 Generation: 68 Best: 715 Avg: 171.3 Updates: 48015
EveryoneRewards
Lamarkian
Social
4 Generation: 69 Best: 1240 Avg: 422.4 Updates: 91872
EveryoneRewards
Lamarkian
Social
4 Generation: 70 Best: 235 Avg: 2.35 Updates: 495
EveryoneRewards
Lamarkian
Social
4 Generation: 71 Best: 1070 Avg: 393.4 Updates: 79596
EveryoneRewards
Lamarkian
Social
4 Generation: 72 Best: 1620 Avg: 517.75 Updates: 106623
EveryoneRewards
Lamarkian
Social
4 Generation: 73 Best: 1730 Avg: 642.35 Updates: 100782
EveryoneRewards
Lamarkian
Social
4 Generation: 74 Best: 815 Avg: 253.6 Updates: 55836
EveryoneRewards
Lamarkian
Social
4 Generation: 75 Best: 1410 Avg: 521.25 Updates: 97614
EveryoneRewards
Lamarkian
Social
4 Generation: 76 Best: 1280 Avg: 362.75 Updates: 82071
EveryoneRewards
Lamarkian
Social
4 Generation: 77 Best: 1565 Avg: 575.45 Updates: 102267
EveryoneRewards
Lamarkian
Social
4 Generation: 78 Best: 1480 Avg: 517.55 Updates: 85932
EveryoneRewards
Lamarkian
Social
4 Generation: 79 Best: 1920 Avg: 693.2 Updates: 127611
EveryoneRewards
Lamarkian
Social
4 Generation: 80 Best: 935 Avg: 438.95 Updates: 64746
EveryoneRewards
Lamarkian
Social
4 Generation: 81 Best: 670 Avg: 279.35 Updates: 41481
EveryoneRewards
Lamarkian
Social
4 Generation: 82 Best: 1810 Avg: 843.75 Updates: 162162
EveryoneRewards
Lamarkian
Social
4 Generation: 83 Best: 1510 Avg: 780.35 Updates: 128403
EveryoneRewards
Lamarkian
Social
4 Generation: 84 Best: 725 Avg: 25.65 Updates: 5049
EveryoneRewards
Lamarkian
Social
4 Generation: 85 Best: 1390 Avg: 478.05 Updates: 115137
EveryoneRewards
Lamarkian
Social
4 Generation: 86 Best: 1940 Avg: 949.45 Updates: 180477
EveryoneRewards
Lamarkian
Social
4 Generation: 87 Best: 1290 Avg: 465.25 Updates: 74943
EveryoneRewards
Lamarkian
Social
4 Generation: 88 Best: 1575 Avg: 475.4 Updates: 88308
EveryoneRewards
Lamarkian
Social
4 Generation: 89 Best: 1375 Avg: 761 Updates: 141075
EveryoneRewards
Lamarkian
Social
4 Generation: 90 Best: 1770 Avg: 618 Updates: 121374
EveryoneRewards
Lamarkian
Social
4 Generation: 91 Best: 2230 Avg: 1108.15 Updates: 193941
EveryoneRewards
Lamarkian
Social
4 Generation: 92 Best: 1990 Avg: 655 Updates: 137511
EveryoneRewards
Lamarkian
Social
4 Generation: 93 Best: 2190 Avg: 610.8 Updates: 122562
EveryoneRewards
Lamarkian
Social
4 Generation: 94 Best: 1650 Avg: 923.95 Updates: 163845
EveryoneRewards
Lamarkian
Social
4 Generation: 95 Best: 1210 Avg: 655.5 Updates: 137016
EveryoneRewards
Lamarkian
Social
4 Generation: 96 Best: 805 Avg: 354.6 Updates: 68805
EveryoneRewards
Lamarkian
Social
4 Generation: 97 Best: 610 Avg: 185.55 Updates: 29007
EveryoneRewards
Lamarkian
Social
4 Generation: 98 Best: 1390 Avg: 994.35 Updates: 197604
EveryoneRewards
Lamarkian
Social
4 Generation: 99 Best: 1710 Avg: 964 Updates: 176913
EveryoneRewards
Lamarkian
Social
4 Generation: 100 Best: 1340 Avg: 596.15 Updates: 122661
EveryoneRewards
Lamarkian
Social
4 Generation: 101 Best: 1755 Avg: 918.45 Updates: 175923
EveryoneRewards
Lamarkian
Social
4 Generation: 102 Best: 1240 Avg: 581.65 Updates: 119295
EveryoneRewards
Lamarkian
Social
4 Generation: 103 Best: 1005 Avg: 65.55 Updates: 17325
EveryoneRewards
Lamarkian
Social
4 Generation: 104 Best: 1510 Avg: 931.2 Updates: 156618
EveryoneRewards
Lamarkian
Social
4 Generation: 105 Best: 2105 Avg: 1026.25 Updates: 216711
EveryoneRewards
Lamarkian
Social
4 Generation: 106 Best: 1490 Avg: 721.4 Updates: 135828
EveryoneRewards
Lamarkian
Social
4 Generation: 107 Best: 1815 Avg: 900.75 Updates: 150084
EveryoneRewards
Lamarkian
Social
4 Generation: 108 Best: 2195 Avg: 978.5 Updates: 184536
EveryoneRewards
Lamarkian
Social
4 Generation: 109 Best: 1480 Avg: 602 Updates: 123354
EveryoneRewards
Lamarkian
Social
4 Generation: 110 Best: 1580 Avg: 940.8 Updates: 159687
EveryoneRewards
Lamarkian
Social
4 Generation: 111 Best: 1815 Avg: 381.45 Updates: 83160
EveryoneRewards
Lamarkian
Social
4 Generation: 112 Best: 1425 Avg: 410.4 Updates: 88407
EveryoneRewards
Lamarkian
Social
4 Generation: 113 Best: 1765 Avg: 1003.45 Updates: 183051
EveryoneRewards
Lamarkian
Social
4 Generation: 114 Best: 2275 Avg: 1146.05 Updates: 199683
EveryoneRewards
Lamarkian
Social
4 Generation: 115 Best: 1550 Avg: 646.8 Updates: 117414
EveryoneRewards
Lamarkian
Social
4 Generation: 116 Best: 1840 Avg: 906.05 Updates: 180873
EveryoneRewards
Lamarkian
Social
4 Generation: 117 Best: 2300 Avg: 1200 Updates: 217602
EveryoneRewards
Lamarkian
Social
4 Generation: 118 Best: 1975 Avg: 927.3 Updates: 161271
EveryoneRewards
Lamarkian
Social
4 Generation: 119 Best: 2165 Avg: 1112.55 Updates: 202455
EveryoneRewards
Lamarkian
Social
4 Generation: 120 Best: 1860 Avg: 1071.55 Updates: 192060
EveryoneRewards
Lamarkian
Social
4 Generation: 121 Best: 2370 Avg: 306.5 Updates: 56826
EveryoneRewards
Lamarkian
Social
4 Generation: 122 Best: 1955 Avg: 972.5 Updates: 187209
EveryoneRewards
Lamarkian
Social
4 Generation: 123 Best: 1970 Avg: 1086.2 Updates: 189486
