EveryoneRewards
Lamarkian
Social
5 Generation: 0 Best: 600 Avg: 246.9 Updates: 50094
EveryoneRewards
Lamarkian
Social
5 Generation: 1 Best: 705 Avg: 33.2 Updates: 6534
EveryoneRewards
Lamarkian
Social
5 Generation: 2 Best: 635 Avg: 110.25 Updates: 23166
EveryoneRewards
Lamarkian
Social
5 Generation: 3 Best: 635 Avg: 221.25 Updates: 32175
EveryoneRewards
Lamarkian
Social
5 Generation: 4 Best: 620 Avg: 305 Updates: 58311
EveryoneRewards
Lamarkian
Social
5 Generation: 5 Best: 435 Avg: 171.35 Updates: 28116
EveryoneRewards
Lamarkian
Social
5 Generation: 6 Best: 360 Avg: 103.5 Updates: 12870
EveryoneRewards
Lamarkian
Social
5 Generation: 7 Best: 505 Avg: 141.3 Updates: 32274
EveryoneRewards
Lamarkian
Social
5 Generation: 8 Best: 875 Avg: 494.55 Updates: 103356
EveryoneRewards
Lamarkian
Social
5 Generation: 9 Best: 1095 Avg: 606.35 Updates: 103455
EveryoneRewards
Lamarkian
Social
5 Generation: 10 Best: 1160 Avg: 641.65 Updates: 105732
EveryoneRewards
Lamarkian
Social
5 Generation: 11 Best: 775 Avg: 458.55 Updates: 68607
EveryoneRewards
Lamarkian
Social
5 Generation: 12 Best: 1295 Avg: 491.2 Updates: 92070
EveryoneRewards
Lamarkian
Social
5 Generation: 13 Best: 1385 Avg: 693.25 Updates: 118899
EveryoneRewards
Lamarkian
Social
5 Generation: 14 Best: 1380 Avg: 116.4 Updates: 21384
EveryoneRewards
Lamarkian
Social
5 Generation: 15 Best: 1405 Avg: 647.35 Updates: 132462
EveryoneRewards
Lamarkian
Social
5 Generation: 16 Best: 1520 Avg: 628.3 Updates: 121572
EveryoneRewards
Lamarkian
Social
5 Generation: 17 Best: 1265 Avg: 178 Updates: 38313
EveryoneRewards
Lamarkian
Social
5 Generation: 18 Best: 1495 Avg: 850.6 Updates: 187506
EveryoneRewards
Lamarkian
Social
5 Generation: 19 Best: 1005 Avg: 396.5 Updates: 85734
EveryoneRewards
Lamarkian
Social
5 Generation: 20 Best: 1385 Avg: 919.45 Updates: 147510
EveryoneRewards
Lamarkian
Social
5 Generation: 21 Best: 1930 Avg: 1067.15 Updates: 179784
EveryoneRewards
Lamarkian
Social
5 Generation: 22 Best: 1360 Avg: 975.15 Updates: 165231
EveryoneRewards
Lamarkian
Social
5 Generation: 23 Best: 1090 Avg: 484.6 Updates: 105831
EveryoneRewards
Lamarkian
Social
5 Generation: 24 Best: 1435 Avg: 791.35 Updates: 139986
EveryoneRewards
Lamarkian
Social
5 Generation: 25 Best: 585 Avg: 182.6 Updates: 38313
EveryoneRewards
Lamarkian
Social
5 Generation: 26 Best: 1850 Avg: 979.05 Updates: 169587
EveryoneRewards
Lamarkian
Social
5 Generation: 27 Best: 1445 Avg: 775.4 Updates: 144540
EveryoneRewards
Lamarkian
Social
5 Generation: 28 Best: 1565 Avg: 973.3 Updates: 199485
EveryoneRewards
Lamarkian
Social
5 Generation: 29 Best: 1105 Avg: 569.25 Updates: 103356
EveryoneRewards
Lamarkian
Social
5 Generation: 30 Best: 995 Avg: 504 Updates: 86328
EveryoneRewards
Lamarkian
Social
5 Generation: 31 Best: 1090 Avg: 513.2 Updates: 105138
EveryoneRewards
Lamarkian
Social
5 Generation: 32 Best: 1590 Avg: 798.35 Updates: 140877
EveryoneRewards
Lamarkian
Social
5 Generation: 33 Best: 1845 Avg: 869 Updates: 181566
EveryoneRewards
Lamarkian
Social
5 Generation: 34 Best: 1015 Avg: 226.9 Updates: 51084
EveryoneRewards
Lamarkian
Social
5 Generation: 35 Best: 725 Avg: 335 Updates: 58509
EveryoneRewards
Lamarkian
Social
5 Generation: 36 Best: 990 Avg: 364.5 Updates: 81576
EveryoneRewards
Lamarkian
Social
5 Generation: 37 Best: 1355 Avg: 706.7 Updates: 124245
EveryoneRewards
Lamarkian
Social
5 Generation: 38 Best: 1335 Avg: 780.9 Updates: 167508
EveryoneRewards
Lamarkian
Social
5 Generation: 39 Best: 1140 Avg: 321.35 Updates: 68706
EveryoneRewards
Lamarkian
Social
5 Generation: 40 Best: 1505 Avg: 869.3 Updates: 174735
EveryoneRewards
Lamarkian
Social
5 Generation: 41 Best: 1390 Avg: 698.55 Updates: 139293
EveryoneRewards
Lamarkian
Social
5 Generation: 42 Best: 885 Avg: 612.95 Updates: 114741
EveryoneRewards
Lamarkian
Social
5 Generation: 43 Best: 820 Avg: 368.3 Updates: 67221
EveryoneRewards
Lamarkian
Social
5 Generation: 44 Best: 1070 Avg: 484.75 Updates: 78507
EveryoneRewards
Lamarkian
Social
5 Generation: 45 Best: 855 Avg: 330.15 Updates: 67320
EveryoneRewards
Lamarkian
Social
5 Generation: 46 Best: 785 Avg: 198.15 Updates: 37620
EveryoneRewards
Lamarkian
Social
5 Generation: 47 Best: 1550 Avg: 689.5 Updates: 106623
EveryoneRewards
Lamarkian
Social
5 Generation: 48 Best: 1450 Avg: 634.55 Updates: 126126
EveryoneRewards
Lamarkian
Social
5 Generation: 49 Best: 1815 Avg: 1022.85 Updates: 192555
EveryoneRewards
Lamarkian
Social
5 Generation: 50 Best: 1390 Avg: 443.45 Updates: 113157
EveryoneRewards
Lamarkian
Social
5 Generation: 51 Best: 1695 Avg: 810.3 Updates: 159687
EveryoneRewards
Lamarkian
Social
5 Generation: 52 Best: 1575 Avg: 565.75 Updates: 113157
EveryoneRewards
Lamarkian
Social
5 Generation: 53 Best: 1655 Avg: 589.4 Updates: 99000
EveryoneRewards
Lamarkian
Social
5 Generation: 54 Best: 1915 Avg: 1151.4 Updates: 233244
EveryoneRewards
Lamarkian
Social
5 Generation: 55 Best: 1715 Avg: 862.35 Updates: 170973
EveryoneRewards
Lamarkian
Social
5 Generation: 56 Best: 1615 Avg: 873.4 Updates: 176319
EveryoneRewards
Lamarkian
Social
5 Generation: 57 Best: 1380 Avg: 734.6 Updates: 144837
EveryoneRewards
Lamarkian
Social
5 Generation: 58 Best: 1890 Avg: 883.1 Updates: 162162
EveryoneRewards
Lamarkian
Social
5 Generation: 59 Best: 1585 Avg: 611.5 Updates: 117612
EveryoneRewards
Lamarkian
Social
5 Generation: 60 Best: 1650 Avg: 891.65 Updates: 169488
EveryoneRewards
Lamarkian
Social
5 Generation: 61 Best: 1530 Avg: 587.05 Updates: 107514
EveryoneRewards
Lamarkian
Social
5 Generation: 62 Best: 1275 Avg: 365.35 Updates: 74448
EveryoneRewards
Lamarkian
Social
5 Generation: 63 Best: 1635 Avg: 1083.05 Updates: 239481
EveryoneRewards
Lamarkian
Social
5 Generation: 64 Best: 1745 Avg: 616.25 Updates: 145728
EveryoneRewards
Lamarkian
Social
5 Generation: 65 Best: 905 Avg: 269.5 Updates: 51381
EveryoneRewards
Lamarkian
Social
5 Generation: 66 Best: 1900 Avg: 1130.45 Updates: 212949
EveryoneRewards
Lamarkian
Social
5 Generation: 67 Best: 1275 Avg: 506.75 Updates: 103950
EveryoneRewards
Lamarkian
Social
5 Generation: 68 Best: 1590 Avg: 632.85 Updates: 120285
EveryoneRewards
Lamarkian
Social
5 Generation: 69 Best: 680 Avg: 176.1 Updates: 35145
EveryoneRewards
Lamarkian
Social
5 Generation: 70 Best: 1955 Avg: 1130.9 Updates: 218988
EveryoneRewards
Lamarkian
Social
5 Generation: 71 Best: 1785 Avg: 852.65 Updates: 146223
EveryoneRewards
Lamarkian
Social
5 Generation: 72 Best: 1300 Avg: 717.95 Updates: 165528
EveryoneRewards
Lamarkian
Social
5 Generation: 73 Best: 1370 Avg: 395.75 Updates: 91575
EveryoneRewards
Lamarkian
Social
5 Generation: 74 Best: 1550 Avg: 816.7 Updates: 158301
EveryoneRewards
Lamarkian
Social
5 Generation: 75 Best: 1910 Avg: 762.65 Updates: 165627
EveryoneRewards
Lamarkian
Social
5 Generation: 76 Best: 1015 Avg: 367.7 Updates: 85239
EveryoneRewards
Lamarkian
Social
5 Generation: 77 Best: 1040 Avg: 584.65 Updates: 121869
EveryoneRewards
Lamarkian
Social
5 Generation: 78 Best: 1160 Avg: 426.75 Updates: 94050
EveryoneRewards
Lamarkian
Social
5 Generation: 79 Best: 1520 Avg: 455.55 Updates: 96723
EveryoneRewards
Lamarkian
Social
5 Generation: 80 Best: 1425 Avg: 259.35 Updates: 61776
EveryoneRewards
Lamarkian
Social
5 Generation: 81 Best: 1095 Avg: 341.2 Updates: 82962
EveryoneRewards
Lamarkian
Social
5 Generation: 82 Best: 1150 Avg: 625.85 Updates: 122067
EveryoneRewards
Lamarkian
Social
5 Generation: 83 Best: 1070 Avg: 210.2 Updates: 37026
EveryoneRewards
Lamarkian
Social
5 Generation: 84 Best: 990 Avg: 539.6 Updates: 108603
EveryoneRewards
Lamarkian
Social
5 Generation: 85 Best: 1595 Avg: 815.15 Updates: 182457
EveryoneRewards
Lamarkian
Social
5 Generation: 86 Best: 860 Avg: 314.9 Updates: 54549
EveryoneRewards
Lamarkian
Social
5 Generation: 87 Best: 1675 Avg: 649.25 Updates: 119889
EveryoneRewards
Lamarkian
Social
5 Generation: 88 Best: 1630 Avg: 438.45 Updates: 92565
EveryoneRewards
Lamarkian
Social
5 Generation: 89 Best: 1375 Avg: 405.6 Updates: 84942
EveryoneRewards
Lamarkian
Social
5 Generation: 90 Best: 1640 Avg: 380.55 Updates: 85437
EveryoneRewards
Lamarkian
Social
5 Generation: 91 Best: 1430 Avg: 572.1 Updates: 122661
EveryoneRewards
Lamarkian
Social
5 Generation: 92 Best: 1970 Avg: 656.5 Updates: 140382
EveryoneRewards
Lamarkian
Social
5 Generation: 93 Best: 1175 Avg: 604.05 Updates: 116226
EveryoneRewards
Lamarkian
Social
5 Generation: 94 Best: 1205 Avg: 597.45 Updates: 111177
EveryoneRewards
Lamarkian
Social
5 Generation: 95 Best: 1085 Avg: 386.75 Updates: 98703
EveryoneRewards
Lamarkian
Social
5 Generation: 96 Best: 855 Avg: 464.55 Updates: 100683
EveryoneRewards
Lamarkian
Social
5 Generation: 97 Best: 1055 Avg: 397.25 Updates: 104841
EveryoneRewards
Lamarkian
Social
5 Generation: 98 Best: 1350 Avg: 416.8 Updates: 97515
EveryoneRewards
Lamarkian
Social
5 Generation: 99 Best: 1225 Avg: 455.15 Updates: 99792
EveryoneRewards
Lamarkian
Social
5 Generation: 100 Best: 960 Avg: 393.25 Updates: 91080
EveryoneRewards
Lamarkian
Social
5 Generation: 101 Best: 1475 Avg: 586.75 Updates: 110880
EveryoneRewards
Lamarkian
Social
5 Generation: 102 Best: 1345 Avg: 820.4 Updates: 184932
EveryoneRewards
Lamarkian
Social
5 Generation: 103 Best: 1500 Avg: 664.75 Updates: 139788
EveryoneRewards
Lamarkian
Social
5 Generation: 104 Best: 1925 Avg: 984.5 Updates: 225720
EveryoneRewards
Lamarkian
Social
5 Generation: 105 Best: 1505 Avg: 977.7 Updates: 197406
EveryoneRewards
Lamarkian
Social
5 Generation: 106 Best: 1130 Avg: 756.2 Updates: 166518
EveryoneRewards
Lamarkian
Social
5 Generation: 107 Best: 1030 Avg: 561.7 Updates: 104445
EveryoneRewards
Lamarkian
Social
5 Generation: 108 Best: 1275 Avg: 808.25 Updates: 149193
EveryoneRewards
Lamarkian
Social
5 Generation: 109 Best: 1690 Avg: 873.4 Updates: 192060
EveryoneRewards
Lamarkian
Social
5 Generation: 110 Best: 1440 Avg: 424.05 Updates: 93753
EveryoneRewards
Lamarkian
Social
5 Generation: 111 Best: 1830 Avg: 978.1 Updates: 208395
EveryoneRewards
Lamarkian
Social
5 Generation: 112 Best: 1600 Avg: 976.9 Updates: 206118
EveryoneRewards
Lamarkian
Social
5 Generation: 113 Best: 2160 Avg: 1063.7 Updates: 204930
EveryoneRewards
Lamarkian
Social
5 Generation: 114 Best: 1295 Avg: 231.1 Updates: 62865
EveryoneRewards
Lamarkian
Social
5 Generation: 115 Best: 1695 Avg: 1037.6 Updates: 224631
EveryoneRewards
Lamarkian
Social
5 Generation: 116 Best: 1655 Avg: 972.45 Updates: 174537
EveryoneRewards
Lamarkian
Social
5 Generation: 117 Best: 1685 Avg: 836.85 Updates: 152757
EveryoneRewards
Lamarkian
Social
5 Generation: 118 Best: 1365 Avg: 703.05 Updates: 154440
EveryoneRewards
Lamarkian
Social
5 Generation: 119 Best: 1725 Avg: 671.2 Updates: 125829
EveryoneRewards
Lamarkian
Social
5 Generation: 120 Best: 1300 Avg: 570.25 Updates: 89595
EveryoneRewards
Lamarkian
Social
5 Generation: 121 Best: 1525 Avg: 789.45 Updates: 181566
EveryoneRewards
Lamarkian
Social
5 Generation: 122 Best: 1135 Avg: 478 Updates: 115731
EveryoneRewards
Lamarkian
Social
5 Generation: 123 Best: 1155 Avg: 381.05 Updates: 78309
EveryoneRewards
Lamarkian
Social
5 Generation: 124 Best: 935 Avg: 296.2 Updates: 72468
EveryoneRewards
Lamarkian
Social
5 Generation: 125 Best: 960 Avg: 467.4 Updates: 105336
EveryoneRewards
Lamarkian
Social
5 Generation: 126 Best: 800 Avg: 267.85 Updates: 57420
EveryoneRewards
Lamarkian
Social
5 Generation: 127 Best: 965 Avg: 538.05 Updates: 111177
EveryoneRewards
Lamarkian
Social
5 Generation: 128 Best: 1320 Avg: 679 Updates: 131373
EveryoneRewards
Lamarkian
Social
5 Generation: 129 Best: 1460 Avg: 814 Updates: 167013
EveryoneRewards
Lamarkian
Social
5 Generation: 130 Best: 2075 Avg: 1002.35 Updates: 190773
EveryoneRewards
Lamarkian
Social
5 Generation: 131 Best: 1930 Avg: 1056.5 Updates: 203643
EveryoneRewards
Lamarkian
Social
5 Generation: 132 Best: 1630 Avg: 1082.2 Updates: 217305
EveryoneRewards
Lamarkian
Social
5 Generation: 133 Best: 1315 Avg: 680.3 Updates: 126720
EveryoneRewards
Lamarkian
Social
5 Generation: 134 Best: 1120 Avg: 392.75 Updates: 68706
EveryoneRewards
Lamarkian
Social
5 Generation: 135 Best: 935 Avg: 234.15 Updates: 40887
EveryoneRewards
Lamarkian
Social
5 Generation: 136 Best: 695 Avg: 342.8 Updates: 57519
EveryoneRewards
Lamarkian
Social
5 Generation: 137 Best: 710 Avg: 297.1 Updates: 39699
EveryoneRewards
Lamarkian
Social
5 Generation: 138 Best: 1560 Avg: 661.65 Updates: 129393
EveryoneRewards
Lamarkian
Social
5 Generation: 139 Best: 295 Avg: 37 Updates: 15147
EveryoneRewards
Lamarkian
Social
5 Generation: 140 Best: 1615 Avg: 772.2 Updates: 169092
EveryoneRewards
Lamarkian
Social
5 Generation: 141 Best: 1815 Avg: 749.5 Updates: 118701
EveryoneRewards
Lamarkian
Social
5 Generation: 142 Best: 1010 Avg: 324.4 Updates: 80388
EveryoneRewards
Lamarkian
Social
5 Generation: 143 Best: 1965 Avg: 1163 Updates: 248589
EveryoneRewards
Lamarkian
Social
5 Generation: 144 Best: 1285 Avg: 542.2 Updates: 103356
EveryoneRewards
Lamarkian
Social
5 Generation: 145 Best: 1850 Avg: 516.95 Updates: 112563
EveryoneRewards
Lamarkian
Social
5 Generation: 146 Best: 1125 Avg: 373.55 Updates: 77220
EveryoneRewards
Lamarkian
Social
5 Generation: 147 Best: 2020 Avg: 1471.3 Updates: 267696
EveryoneRewards
Lamarkian
Social
5 Generation: 148 Best: 1350 Avg: 730.2 Updates: 141273
EveryoneRewards
Lamarkian
Social
5 Generation: 149 Best: 935 Avg: 598 Updates: 122661
EveryoneRewards
Lamarkian
Social
5 Generation: 150 Best: 1615 Avg: 659.65 Updates: 127314
EveryoneRewards
Lamarkian
Social
5 Generation: 151 Best: 1045 Avg: 434.6 Updates: 104346
EveryoneRewards
Lamarkian
Social
5 Generation: 152 Best: 1475 Avg: 701.05 Updates: 178695
EveryoneRewards
Lamarkian
Social
5 Generation: 153 Best: 645 Avg: 241.6 Updates: 59103
EveryoneRewards
Lamarkian
Social
5 Generation: 154 Best: 1520 Avg: 495.7 Updates: 95832
EveryoneRewards
Lamarkian
Social
5 Generation: 155 Best: 1730 Avg: 729.6 Updates: 158301
EveryoneRewards
Lamarkian
Social
5 Generation: 156 Best: 1565 Avg: 630.85 Updates: 128007
EveryoneRewards
Lamarkian
Social
5 Generation: 157 Best: 1915 Avg: 678 Updates: 138600
EveryoneRewards
Lamarkian
Social
5 Generation: 158 Best: 1425 Avg: 729.7 Updates: 137610
EveryoneRewards
Lamarkian
Social
5 Generation: 159 Best: 710 Avg: 306.3 Updates: 44946
EveryoneRewards
Lamarkian
Social
5 Generation: 160 Best: 1860 Avg: 923.7 Updates: 180180
EveryoneRewards
Lamarkian
Social
5 Generation: 161 Best: 1425 Avg: 582.15 Updates: 124938
EveryoneRewards
Lamarkian
Social
5 Generation: 162 Best: 1205 Avg: 434.9 Updates: 76230
EveryoneRewards
Lamarkian
Social
5 Generation: 163 Best: 1275 Avg: 405.7 Updates: 83952
EveryoneRewards
Lamarkian
Social
5 Generation: 164 Best: 1375 Avg: 540.5 Updates: 106524
EveryoneRewards
Lamarkian
Social
5 Generation: 165 Best: 1160 Avg: 733.65 Updates: 166518
EveryoneRewards
Lamarkian
Social
5 Generation: 166 Best: 1290 Avg: 818.45 Updates: 169290
EveryoneRewards
Lamarkian
Social
5 Generation: 167 Best: 420 Avg: 147.65 Updates: 32769
EveryoneRewards
Lamarkian
Social
5 Generation: 168 Best: 1215 Avg: 725.05 Updates: 166122
EveryoneRewards
Lamarkian
Social
5 Generation: 169 Best: 790 Avg: 444.5 Updates: 114345
EveryoneRewards
Lamarkian
Social
5 Generation: 170 Best: 1345 Avg: 374.1 Updates: 58311
EveryoneRewards
Lamarkian
Social
5 Generation: 171 Best: 1020 Avg: 576.8 Updates: 108405
EveryoneRewards
Lamarkian
Social
5 Generation: 172 Best: 1470 Avg: 771.8 Updates: 162459
EveryoneRewards
Lamarkian
Social
5 Generation: 173 Best: 1375 Avg: 676.9 Updates: 162360
EveryoneRewards
Lamarkian
Social
5 Generation: 174 Best: 1065 Avg: 506.9 Updates: 111969
EveryoneRewards
Lamarkian
Social
5 Generation: 175 Best: 1760 Avg: 1034 Updates: 189288
EveryoneRewards
Lamarkian
Social
5 Generation: 176 Best: 1655 Avg: 852.65 Updates: 189981
EveryoneRewards
Lamarkian
Social
5 Generation: 177 Best: 720 Avg: 187 Updates: 37818
EveryoneRewards
Lamarkian
Social
5 Generation: 178 Best: 895 Avg: 378.65 Updates: 57123
EveryoneRewards
Lamarkian
Social
5 Generation: 179 Best: 870 Avg: 385.85 Updates: 76923
EveryoneRewards
Lamarkian
Social
5 Generation: 180 Best: 1280 Avg: 595.05 Updates: 87318
EveryoneRewards
Lamarkian
Social
5 Generation: 181 Best: 510 Avg: 408 Updates: 69003
EveryoneRewards
Lamarkian
Social
5 Generation: 182 Best: 1740 Avg: 779.4 Updates: 181368
EveryoneRewards
Lamarkian
Social
5 Generation: 183 Best: 1145 Avg: 494.25 Updates: 120384
EveryoneRewards
Lamarkian
Social
5 Generation: 184 Best: 1580 Avg: 996.1 Updates: 180972
EveryoneRewards
Lamarkian
Social
5 Generation: 185 Best: 705 Avg: 198.5 Updates: 70290
EveryoneRewards
Lamarkian
Social
5 Generation: 186 Best: 1745 Avg: 1096.45 Updates: 223344
EveryoneRewards
Lamarkian
Social
5 Generation: 187 Best: 1465 Avg: 823.45 Updates: 165627
EveryoneRewards
Lamarkian
Social
5 Generation: 188 Best: 1695 Avg: 1076.65 Updates: 227403
EveryoneRewards
Lamarkian
Social
5 Generation: 189 Best: 1610 Avg: 873.1 Updates: 184734
EveryoneRewards
Lamarkian
Social
5 Generation: 190 Best: 1120 Avg: 592.9 Updates: 107613
EveryoneRewards
Lamarkian
Social
5 Generation: 191 Best: 1425 Avg: 628.1 Updates: 137610
EveryoneRewards
Lamarkian
Social
5 Generation: 192 Best: 1465 Avg: 602.7 Updates: 145728
EveryoneRewards
Lamarkian
Social
5 Generation: 193 Best: 1615 Avg: 1038.6 Updates: 231660
EveryoneRewards
Lamarkian
Social
5 Generation: 194 Best: 1615 Avg: 416.45 Updates: 80487
EveryoneRewards
Lamarkian
Social
5 Generation: 195 Best: 905 Avg: 149.3 Updates: 21087
EveryoneRewards
Lamarkian
Social
5 Generation: 196 Best: 1375 Avg: 571.4 Updates: 122562
EveryoneRewards
Lamarkian
Social
5 Generation: 197 Best: 970 Avg: 402.35 Updates: 89298
EveryoneRewards
Lamarkian
Social
5 Generation: 198 Best: 680 Avg: 315.3 Updates: 59103
EveryoneRewards
Lamarkian
Social
5 Generation: 199 Best: 1585 Avg: 493.8 Updates: 83754
EveryoneRewards
Lamarkian
Social
5 Generation: 200 Best: 1160 Avg: 393.9 Updates: 89793
5 Finished!
