EveryoneRewards
Lamarkian
Social
6 Generation: 0 Best: 555 Avg: 200.65 Updates: 38610
EveryoneRewards
Lamarkian
Social
6 Generation: 1 Best: 175 Avg: 78.95 Updates: 11583
EveryoneRewards
Lamarkian
Social
6 Generation: 2 Best: 420 Avg: 87.85 Updates: 24156
EveryoneRewards
Lamarkian
Social
6 Generation: 3 Best: 150 Avg: 81.75 Updates: 11187
EveryoneRewards
Lamarkian
Social
6 Generation: 4 Best: 1375 Avg: 557.65 Updates: 112167
EveryoneRewards
Lamarkian
Social
6 Generation: 5 Best: 1320 Avg: 402.3 Updates: 77715
EveryoneRewards
Lamarkian
Social
6 Generation: 6 Best: 810 Avg: 355.55 Updates: 86625
EveryoneRewards
Lamarkian
Social
6 Generation: 7 Best: 1435 Avg: 374.55 Updates: 61974
EveryoneRewards
Lamarkian
Social
6 Generation: 8 Best: 700 Avg: 99.15 Updates: 20889
EveryoneRewards
Lamarkian
Social
6 Generation: 9 Best: 785 Avg: 357.95 Updates: 70389
EveryoneRewards
Lamarkian
Social
6 Generation: 10 Best: 725 Avg: 277.45 Updates: 48708
EveryoneRewards
Lamarkian
Social
6 Generation: 11 Best: 880 Avg: 141.65 Updates: 27225
EveryoneRewards
Lamarkian
Social
6 Generation: 12 Best: 370 Avg: 131.25 Updates: 24354
EveryoneRewards
Lamarkian
Social
6 Generation: 13 Best: 260 Avg: 86.75 Updates: 28017
EveryoneRewards
Lamarkian
Social
6 Generation: 14 Best: 585 Avg: 36.65 Updates: 7425
EveryoneRewards
Lamarkian
Social
6 Generation: 15 Best: 625 Avg: 110.1 Updates: 28116
EveryoneRewards
Lamarkian
Social
6 Generation: 16 Best: 945 Avg: 230.2 Updates: 46233
EveryoneRewards
Lamarkian
Social
6 Generation: 17 Best: 310 Avg: 52.6 Updates: 10494
EveryoneRewards
Lamarkian
Social
6 Generation: 18 Best: 950 Avg: 109.2 Updates: 24453
EveryoneRewards
Lamarkian
Social
6 Generation: 19 Best: 500 Avg: 299.5 Updates: 34056
EveryoneRewards
Lamarkian
Social
6 Generation: 20 Best: 830 Avg: 286.25 Updates: 50193
EveryoneRewards
Lamarkian
Social
6 Generation: 21 Best: 965 Avg: 373.1 Updates: 68607
EveryoneRewards
Lamarkian
Social
6 Generation: 22 Best: 1085 Avg: 631.6 Updates: 112959
EveryoneRewards
Lamarkian
Social
6 Generation: 23 Best: 75 Avg: 1.5 Updates: 198
EveryoneRewards
Lamarkian
Social
6 Generation: 24 Best: 1110 Avg: 383.6 Updates: 84447
EveryoneRewards
Lamarkian
Social
6 Generation: 25 Best: 1380 Avg: 545.65 Updates: 101772
EveryoneRewards
Lamarkian
Social
6 Generation: 26 Best: 1110 Avg: 572.7 Updates: 115434
EveryoneRewards
Lamarkian
Social
6 Generation: 27 Best: 980 Avg: 187.7 Updates: 51381
EveryoneRewards
Lamarkian
Social
6 Generation: 28 Best: 1205 Avg: 663.85 Updates: 117513
EveryoneRewards
Lamarkian
Social
6 Generation: 29 Best: 810 Avg: 379.25 Updates: 65934
EveryoneRewards
Lamarkian
Social
6 Generation: 30 Best: 1465 Avg: 554.5 Updates: 107118
EveryoneRewards
Lamarkian
Social
6 Generation: 31 Best: 1405 Avg: 623.1 Updates: 127116
EveryoneRewards
Lamarkian
Social
6 Generation: 32 Best: 1170 Avg: 584.55 Updates: 108801
EveryoneRewards
Lamarkian
Social
6 Generation: 33 Best: 1305 Avg: 32.55 Updates: 7227
EveryoneRewards
Lamarkian
Social
6 Generation: 34 Best: 1330 Avg: 467.8 Updates: 104544
EveryoneRewards
Lamarkian
Social
6 Generation: 35 Best: 1270 Avg: 258.35 Updates: 57024
EveryoneRewards
Lamarkian
Social
6 Generation: 36 Best: 1380 Avg: 403.15 Updates: 75240
EveryoneRewards
Lamarkian
Social
6 Generation: 37 Best: 1360 Avg: 742.05 Updates: 131175
EveryoneRewards
Lamarkian
Social
6 Generation: 38 Best: 645 Avg: 161.45 Updates: 28611
EveryoneRewards
Lamarkian
Social
6 Generation: 39 Best: 1720 Avg: 439.8 Updates: 87912
EveryoneRewards
Lamarkian
Social
6 Generation: 40 Best: 1415 Avg: 477.75 Updates: 98208
EveryoneRewards
Lamarkian
Social
6 Generation: 41 Best: 325 Avg: 71.8 Updates: 15147
EveryoneRewards
Lamarkian
Social
6 Generation: 42 Best: 1255 Avg: 513.6 Updates: 118107
EveryoneRewards
Lamarkian
Social
6 Generation: 43 Best: 1690 Avg: 289.95 Updates: 75042
EveryoneRewards
Lamarkian
Social
6 Generation: 44 Best: 1565 Avg: 677.5 Updates: 141570
EveryoneRewards
Lamarkian
Social
6 Generation: 45 Best: 1770 Avg: 1172.65 Updates: 251460
EveryoneRewards
Lamarkian
Social
6 Generation: 46 Best: 275 Avg: 239.5 Updates: 57222
EveryoneRewards
Lamarkian
Social
6 Generation: 47 Best: 1445 Avg: 768.6 Updates: 144936
EveryoneRewards
Lamarkian
Social
6 Generation: 48 Best: 1480 Avg: 599.4 Updates: 137610
EveryoneRewards
Lamarkian
Social
6 Generation: 49 Best: 920 Avg: 381.8 Updates: 86229
EveryoneRewards
Lamarkian
Social
6 Generation: 50 Best: 460 Avg: 169.65 Updates: 32967
EveryoneRewards
Lamarkian
Social
6 Generation: 51 Best: 960 Avg: 312.35 Updates: 42075
EveryoneRewards
Lamarkian
Social
6 Generation: 52 Best: 620 Avg: 279.8 Updates: 63261
EveryoneRewards
Lamarkian
Social
6 Generation: 53 Best: 1025 Avg: 543.65 Updates: 103653
EveryoneRewards
Lamarkian
Social
6 Generation: 54 Best: 605 Avg: 33.55 Updates: 9207
EveryoneRewards
Lamarkian
Social
6 Generation: 55 Best: 1295 Avg: 333.7 Updates: 61281
EveryoneRewards
Lamarkian
Social
6 Generation: 56 Best: 980 Avg: 98.35 Updates: 18414
EveryoneRewards
Lamarkian
Social
6 Generation: 57 Best: 1000 Avg: 479 Updates: 87516
EveryoneRewards
Lamarkian
Social
6 Generation: 58 Best: 995 Avg: 453.5 Updates: 61578
EveryoneRewards
Lamarkian
Social
6 Generation: 59 Best: 1295 Avg: 218.3 Updates: 36036
EveryoneRewards
Lamarkian
Social
6 Generation: 60 Best: 1245 Avg: 316.4 Updates: 65934
EveryoneRewards
Lamarkian
Social
6 Generation: 61 Best: 1955 Avg: 673.95 Updates: 135531
EveryoneRewards
Lamarkian
Social
6 Generation: 62 Best: 1540 Avg: 757.85 Updates: 161271
EveryoneRewards
Lamarkian
Social
6 Generation: 63 Best: 1395 Avg: 529.3 Updates: 105237
EveryoneRewards
Lamarkian
Social
6 Generation: 64 Best: 185 Avg: 38.15 Updates: 12177
EveryoneRewards
Lamarkian
Social
6 Generation: 65 Best: 1620 Avg: 357.85 Updates: 66528
EveryoneRewards
Lamarkian
Social
6 Generation: 66 Best: 1620 Avg: 533.35 Updates: 107712
EveryoneRewards
Lamarkian
Social
6 Generation: 67 Best: 2135 Avg: 1031.4 Updates: 215622
EveryoneRewards
Lamarkian
Social
6 Generation: 68 Best: 1495 Avg: 448.1 Updates: 71973
EveryoneRewards
Lamarkian
Social
6 Generation: 69 Best: 1215 Avg: 325.2 Updates: 68310
EveryoneRewards
Lamarkian
Social
6 Generation: 70 Best: 1020 Avg: 442.85 Updates: 91179
EveryoneRewards
Lamarkian
Social
6 Generation: 71 Best: 670 Avg: 59.8 Updates: 11682
EveryoneRewards
Lamarkian
Social
6 Generation: 72 Best: 1420 Avg: 533.2 Updates: 104742
EveryoneRewards
Lamarkian
Social
6 Generation: 73 Best: 1060 Avg: 677.45 Updates: 138006
EveryoneRewards
Lamarkian
Social
6 Generation: 74 Best: 395 Avg: 222 Updates: 59895
EveryoneRewards
Lamarkian
Social
6 Generation: 75 Best: 100 Avg: 56.6 Updates: 12870
EveryoneRewards
Lamarkian
Social
6 Generation: 76 Best: 470 Avg: 102.7 Updates: 10593
EveryoneRewards
Lamarkian
Social
6 Generation: 77 Best: 570 Avg: 193.35 Updates: 44451
EveryoneRewards
Lamarkian
Social
6 Generation: 78 Best: 425 Avg: 116.4 Updates: 24057
EveryoneRewards
Lamarkian
Social
6 Generation: 79 Best: 170 Avg: 87.65 Updates: 21879
EveryoneRewards
Lamarkian
Social
6 Generation: 80 Best: 135 Avg: 98.4 Updates: 21384
EveryoneRewards
Lamarkian
Social
6 Generation: 81 Best: 185 Avg: 170.5 Updates: 27819
EveryoneRewards
Lamarkian
Social
6 Generation: 82 Best: 1100 Avg: 283.8 Updates: 56133
EveryoneRewards
Lamarkian
Social
6 Generation: 83 Best: 650 Avg: 206.85 Updates: 31779
EveryoneRewards
Lamarkian
Social
6 Generation: 84 Best: 100 Avg: 51 Updates: 10098
EveryoneRewards
Lamarkian
Social
6 Generation: 85 Best: 335 Avg: 131.55 Updates: 32868
EveryoneRewards
Lamarkian
Social
6 Generation: 86 Best: 1070 Avg: 296.85 Updates: 56331
EveryoneRewards
Lamarkian
Social
6 Generation: 87 Best: 945 Avg: 381.1 Updates: 62469
EveryoneRewards
Lamarkian
Social
6 Generation: 88 Best: 1545 Avg: 673.55 Updates: 134244
EveryoneRewards
Lamarkian
Social
6 Generation: 89 Best: 1140 Avg: 456.55 Updates: 87813
EveryoneRewards
Lamarkian
Social
6 Generation: 90 Best: 410 Avg: 119.3 Updates: 29799
EveryoneRewards
Lamarkian
Social
6 Generation: 91 Best: 325 Avg: 164.75 Updates: 34254
EveryoneRewards
Lamarkian
Social
6 Generation: 92 Best: 610 Avg: 140.05 Updates: 26037
EveryoneRewards
Lamarkian
Social
6 Generation: 93 Best: 270 Avg: 81.1 Updates: 23958
EveryoneRewards
Lamarkian
Social
6 Generation: 94 Best: 735 Avg: 516.4 Updates: 90882
EveryoneRewards
Lamarkian
Social
6 Generation: 95 Best: 1145 Avg: 278.4 Updates: 56628
EveryoneRewards
Lamarkian
Social
6 Generation: 96 Best: 1085 Avg: 167.5 Updates: 37917
EveryoneRewards
Lamarkian
Social
6 Generation: 97 Best: 685 Avg: 242.5 Updates: 53955
EveryoneRewards
Lamarkian
Social
6 Generation: 98 Best: 1555 Avg: 610.35 Updates: 134343
EveryoneRewards
Lamarkian
Social
6 Generation: 99 Best: 545 Avg: 209.8 Updates: 43065
EveryoneRewards
Lamarkian
Social
6 Generation: 100 Best: 1130 Avg: 601.95 Updates: 125235
EveryoneRewards
Lamarkian
Social
6 Generation: 101 Best: 1760 Avg: 601.5 Updates: 113751
EveryoneRewards
Lamarkian
Social
6 Generation: 102 Best: 1095 Avg: 285.75 Updates: 52074
EveryoneRewards
Lamarkian
Social
6 Generation: 103 Best: 1070 Avg: 304.75 Updates: 55440
EveryoneRewards
Lamarkian
Social
6 Generation: 104 Best: 1095 Avg: 634.3 Updates: 102366
EveryoneRewards
Lamarkian
Social
6 Generation: 105 Best: 1135 Avg: 532.95 Updates: 103752
EveryoneRewards
Lamarkian
Social
6 Generation: 106 Best: 1035 Avg: 526.05 Updates: 108108
EveryoneRewards
Lamarkian
Social
6 Generation: 107 Best: 435 Avg: 100.75 Updates: 28710
EveryoneRewards
Lamarkian
Social
6 Generation: 108 Best: 825 Avg: 328.4 Updates: 52569
EveryoneRewards
Lamarkian
Social
6 Generation: 109 Best: 1355 Avg: 472.2 Updates: 78606
EveryoneRewards
Lamarkian
Social
6 Generation: 110 Best: 570 Avg: 203.4 Updates: 38313
EveryoneRewards
Lamarkian
Social
6 Generation: 111 Best: 800 Avg: 158.7 Updates: 28413
EveryoneRewards
Lamarkian
Social
6 Generation: 112 Best: 460 Avg: 142.95 Updates: 28809
EveryoneRewards
Lamarkian
Social
6 Generation: 113 Best: 720 Avg: 156.6 Updates: 39105
EveryoneRewards
Lamarkian
Social
6 Generation: 114 Best: 770 Avg: 252.25 Updates: 50688
EveryoneRewards
Lamarkian
Social
6 Generation: 115 Best: 225 Avg: 50.35 Updates: 7524
EveryoneRewards
Lamarkian
Social
6 Generation: 116 Best: 960 Avg: 439.05 Updates: 93852
EveryoneRewards
Lamarkian
Social
6 Generation: 117 Best: 1100 Avg: 452.4 Updates: 74349
EveryoneRewards
Lamarkian
Social
6 Generation: 118 Best: 1145 Avg: 412.75 Updates: 80784
EveryoneRewards
Lamarkian
Social
6 Generation: 119 Best: 1595 Avg: 744.25 Updates: 127908
EveryoneRewards
Lamarkian
Social
6 Generation: 120 Best: 1645 Avg: 303.75 Updates: 77616
EveryoneRewards
Lamarkian
Social
6 Generation: 121 Best: 1220 Avg: 368.95 Updates: 71973
EveryoneRewards
Lamarkian
Social
6 Generation: 122 Best: 1390 Avg: 556.6 Updates: 103059
EveryoneRewards
Lamarkian
Social
6 Generation: 123 Best: 1475 Avg: 642.6 Updates: 118206
EveryoneRewards
Lamarkian
Social
6 Generation: 124 Best: 915 Avg: 287.2 Updates: 51183
EveryoneRewards
Lamarkian
Social
6 Generation: 125 Best: 1635 Avg: 740 Updates: 164142
EveryoneRewards
Lamarkian
Social
6 Generation: 126 Best: 1055 Avg: 303.6 Updates: 73953
EveryoneRewards
Lamarkian
Social
6 Generation: 127 Best: 700 Avg: 94 Updates: 18909
EveryoneRewards
Lamarkian
Social
6 Generation: 128 Best: 770 Avg: 242.55 Updates: 46233
EveryoneRewards
Lamarkian
Social
6 Generation: 129 Best: 1145 Avg: 203.2 Updates: 48015
EveryoneRewards
Lamarkian
Social
6 Generation: 130 Best: 1250 Avg: 324.7 Updates: 61776
EveryoneRewards
Lamarkian
Social
6 Generation: 131 Best: 195 Avg: 90 Updates: 26730
EveryoneRewards
Lamarkian
Social
6 Generation: 132 Best: 1585 Avg: 710.3 Updates: 137709
EveryoneRewards
Lamarkian
Social
6 Generation: 133 Best: 1400 Avg: 833.5 Updates: 139491
EveryoneRewards
Lamarkian
Social
6 Generation: 134 Best: 620 Avg: 51.95 Updates: 12474
EveryoneRewards
Lamarkian
Social
6 Generation: 135 Best: 1785 Avg: 847.1 Updates: 167409
EveryoneRewards
Lamarkian
Social
6 Generation: 136 Best: 1465 Avg: 628.6 Updates: 109989
EveryoneRewards
Lamarkian
Social
6 Generation: 137 Best: 1450 Avg: 332.25 Updates: 80289
EveryoneRewards
Lamarkian
Social
6 Generation: 138 Best: 185 Avg: 68.4 Updates: 15642
EveryoneRewards
Lamarkian
Social
6 Generation: 139 Best: 1850 Avg: 1226.25 Updates: 254034
EveryoneRewards
Lamarkian
Social
6 Generation: 140 Best: 1520 Avg: 663.15 Updates: 126522
EveryoneRewards
Lamarkian
Social
6 Generation: 141 Best: 1580 Avg: 656.75 Updates: 134640
EveryoneRewards
Lamarkian
Social
6 Generation: 142 Best: 960 Avg: 250.35 Updates: 51876
EveryoneRewards
Lamarkian
Social
6 Generation: 143 Best: 1040 Avg: 309.65 Updates: 53658
EveryoneRewards
Lamarkian
Social
6 Generation: 144 Best: 610 Avg: 362.6 Updates: 62469
EveryoneRewards
Lamarkian
Social
6 Generation: 145 Best: 995 Avg: 369.4 Updates: 78507
EveryoneRewards
Lamarkian
Social
6 Generation: 146 Best: 1420 Avg: 524.7 Updates: 108900
EveryoneRewards
Lamarkian
Social
6 Generation: 147 Best: 1275 Avg: 398.6 Updates: 69795
EveryoneRewards
Lamarkian
Social
6 Generation: 148 Best: 1005 Avg: 90.1 Updates: 17325
EveryoneRewards
Lamarkian
Social
6 Generation: 149 Best: 1225 Avg: 520.85 Updates: 83655
EveryoneRewards
Lamarkian
Social
6 Generation: 150 Best: 150 Avg: 76.35 Updates: 10197
EveryoneRewards
Lamarkian
Social
6 Generation: 151 Best: 270 Avg: 108.25 Updates: 25146
EveryoneRewards
Lamarkian
Social
6 Generation: 152 Best: 995 Avg: 477.1 Updates: 93753
EveryoneRewards
Lamarkian
Social
6 Generation: 153 Best: 1180 Avg: 553.5 Updates: 123156
EveryoneRewards
Lamarkian
Social
6 Generation: 154 Best: 905 Avg: 54.7 Updates: 10989
EveryoneRewards
Lamarkian
Social
6 Generation: 155 Best: 725 Avg: 303.2 Updates: 48015
EveryoneRewards
Lamarkian
Social
6 Generation: 156 Best: 845 Avg: 375.25 Updates: 72864
EveryoneRewards
Lamarkian
Social
6 Generation: 157 Best: 870 Avg: 206.75 Updates: 40194
EveryoneRewards
Lamarkian
Social
6 Generation: 158 Best: 635 Avg: 44.85 Updates: 8910
EveryoneRewards
Lamarkian
Social
6 Generation: 159 Best: 375 Avg: 121.25 Updates: 16929
EveryoneRewards
Lamarkian
Social
6 Generation: 160 Best: 975 Avg: 555.25 Updates: 109890
EveryoneRewards
Lamarkian
Social
6 Generation: 161 Best: 1490 Avg: 469.25 Updates: 93357
EveryoneRewards
Lamarkian
Social
6 Generation: 162 Best: 1010 Avg: 382.85 Updates: 67320
EveryoneRewards
Lamarkian
Social
6 Generation: 163 Best: 1095 Avg: 459.65 Updates: 80487
EveryoneRewards
Lamarkian
Social
6 Generation: 164 Best: 635 Avg: 134.55 Updates: 17325
EveryoneRewards
Lamarkian
Social
6 Generation: 165 Best: 1495 Avg: 310.35 Updates: 70488
EveryoneRewards
Lamarkian
Social
6 Generation: 166 Best: 920 Avg: 321.9 Updates: 52470
EveryoneRewards
Lamarkian
Social
6 Generation: 167 Best: 1490 Avg: 636.85 Updates: 122166
EveryoneRewards
Lamarkian
Social
6 Generation: 168 Best: 925 Avg: 383.15 Updates: 84942
EveryoneRewards
Lamarkian
Social
6 Generation: 169 Best: 535 Avg: 181.4 Updates: 35145
EveryoneRewards
Lamarkian
Social
6 Generation: 170 Best: 1295 Avg: 338 Updates: 77814
EveryoneRewards
Lamarkian
Social
6 Generation: 171 Best: 955 Avg: 270.1 Updates: 49302
EveryoneRewards
Lamarkian
Social
6 Generation: 172 Best: 1190 Avg: 705.95 Updates: 149985
EveryoneRewards
Lamarkian
Social
6 Generation: 173 Best: 1775 Avg: 789.65 Updates: 128700
EveryoneRewards
Lamarkian
Social
6 Generation: 174 Best: 1140 Avg: 728.55 Updates: 129690
EveryoneRewards
Lamarkian
Social
6 Generation: 175 Best: 270 Avg: 111.3 Updates: 31185
EveryoneRewards
Lamarkian
Social
6 Generation: 176 Best: 1435 Avg: 886.05 Updates: 141471
EveryoneRewards
Lamarkian
Social
6 Generation: 177 Best: 645 Avg: 309.85 Updates: 80091
EveryoneRewards
Lamarkian
Social
6 Generation: 178 Best: 1290 Avg: 515.6 Updates: 105534
EveryoneRewards
Lamarkian
Social
6 Generation: 179 Best: 1125 Avg: 455.75 Updates: 80982
EveryoneRewards
Lamarkian
Social
6 Generation: 180 Best: 915 Avg: 99.95 Updates: 19404
EveryoneRewards
Lamarkian
Social
6 Generation: 181 Best: 1570 Avg: 445.45 Updates: 83754
EveryoneRewards
Lamarkian
Social
6 Generation: 182 Best: 1310 Avg: 214.85 Updates: 49995
EveryoneRewards
Lamarkian
Social
6 Generation: 183 Best: 935 Avg: 341.1 Updates: 79299
EveryoneRewards
Lamarkian
Social
6 Generation: 184 Best: 835 Avg: 154.55 Updates: 36927
EveryoneRewards
Lamarkian
Social
6 Generation: 185 Best: 1340 Avg: 716.7 Updates: 135432
EveryoneRewards
Lamarkian
Social
6 Generation: 186 Best: 920 Avg: 117.9 Updates: 25740
EveryoneRewards
Lamarkian
Social
6 Generation: 187 Best: 1740 Avg: 729.65 Updates: 139392
EveryoneRewards
Lamarkian
Social
6 Generation: 188 Best: 1230 Avg: 626.85 Updates: 118206
EveryoneRewards
Lamarkian
Social
6 Generation: 189 Best: 1035 Avg: 582.65 Updates: 87714
EveryoneRewards
Lamarkian
Social
6 Generation: 190 Best: 1475 Avg: 850.3 Updates: 156816
EveryoneRewards
Lamarkian
Social
6 Generation: 191 Best: 1255 Avg: 613.45 Updates: 121869
EveryoneRewards
Lamarkian
Social
6 Generation: 192 Best: 1480 Avg: 916.25 Updates: 173052
EveryoneRewards
Lamarkian
Social
6 Generation: 193 Best: 1585 Avg: 629.1 Updates: 113652
EveryoneRewards
Lamarkian
Social
6 Generation: 194 Best: 1575 Avg: 740.75 Updates: 150975
EveryoneRewards
Lamarkian
Social
6 Generation: 195 Best: 1555 Avg: 752.5 Updates: 134937
EveryoneRewards
Lamarkian
Social
6 Generation: 196 Best: 660 Avg: 138.5 Updates: 28116
EveryoneRewards
Lamarkian
Social
6 Generation: 197 Best: 1005 Avg: 400.25 Updates: 74943
EveryoneRewards
Lamarkian
Social
6 Generation: 198 Best: 890 Avg: 270.7 Updates: 55737
EveryoneRewards
Lamarkian
Social
6 Generation: 199 Best: 950 Avg: 356.85 Updates: 80487
EveryoneRewards
Lamarkian
Social
6 Generation: 200 Best: 915 Avg: 550 Updates: 92862
6 Finished!
