EveryoneRewards
Lamarkian
Neural
1 Generation: 0 Best: 665 Avg: 66.8 Updates: 0
EveryoneRewards
Lamarkian
Neural
1 Generation: 1 Best: 685 Avg: 124.35 Updates: 0
EveryoneRewards
Lamarkian
Neural
1 Generation: 2 Best: 650 Avg: 125.7 Updates: 0
EveryoneRewards
Lamarkian
Neural
1 Generation: 3 Best: 1160 Avg: 532.5 Updates: 0
EveryoneRewards
Lamarkian
Neural
1 Generation: 4 Best: 860 Avg: 313.75 Updates: 0
EveryoneRewards
Lamarkian
Neural
1 Generation: 5 Best: 1175 Avg: 546.95 Updates: 0
EveryoneRewards
Lamarkian
Neural
1 Generation: 6 Best: 1075 Avg: 499.85 Updates: 0
EveryoneRewards
Lamarkian
Neural
1 Generation: 7 Best: 1095 Avg: 372.15 Updates: 0
EveryoneRewards
Lamarkian
Neural
1 Generation: 8 Best: 910 Avg: 353.7 Updates: 0
EveryoneRewards
Lamarkian
Neural
1 Generation: 9 Best: 1145 Avg: 498 Updates: 0
EveryoneRewards
Lamarkian
Neural
1 Generation: 10 Best: 1125 Avg: 613.3 Updates: 0
EveryoneRewards
Lamarkian
Neural
1 Generation: 11 Best: 1170 Avg: 734 Updates: 0
EveryoneRewards
Lamarkian
Neural
1 Generation: 12 Best: 1180 Avg: 517.45 Updates: 0
EveryoneRewards
Lamarkian
Neural
1 Generation: 13 Best: 1495 Avg: 736.65 Updates: 0
EveryoneRewards
Lamarkian
Neural
1 Generation: 14 Best: 920 Avg: 625.2 Updates: 0
EveryoneRewards
Lamarkian
Neural
1 Generation: 15 Best: 1365 Avg: 555.8 Updates: 0
EveryoneRewards
Lamarkian
Neural
1 Generation: 16 Best: 1280 Avg: 510.35 Updates: 0
EveryoneRewards
Lamarkian
Neural
1 Generation: 17 Best: 1220 Avg: 262 Updates: 0
EveryoneRewards
Lamarkian
Neural
1 Generation: 18 Best: 1000 Avg: 506.35 Updates: 0
EveryoneRewards
Lamarkian
Neural
1 Generation: 19 Best: 1000 Avg: 532.15 Updates: 0
EveryoneRewards
Lamarkian
Neural
1 Generation: 20 Best: 980 Avg: 384.4 Updates: 0
EveryoneRewards
Lamarkian
Neural
1 Generation: 21 Best: 1180 Avg: 627.05 Updates: 0
EveryoneRewards
Lamarkian
Neural
1 Generation: 22 Best: 1040 Avg: 502.8 Updates: 0
EveryoneRewards
Lamarkian
Neural
1 Generation: 23 Best: 1260 Avg: 466.85 Updates: 0
EveryoneRewards
Lamarkian
Neural
1 Generation: 24 Best: 1545 Avg: 832.55 Updates: 0
EveryoneRewards
Lamarkian
Neural
1 Generation: 25 Best: 1305 Avg: 307.6 Updates: 0
EveryoneRewards
Lamarkian
Neural
1 Generation: 26 Best: 1360 Avg: 653.15 Updates: 0
EveryoneRewards
Lamarkian
Neural
1 Generation: 27 Best: 1405 Avg: 691.05 Updates: 0
EveryoneRewards
Lamarkian
Neural
1 Generation: 28 Best: 1545 Avg: 527.05 Updates: 0
EveryoneRewards
Lamarkian
Neural
1 Generation: 29 Best: 1110 Avg: 365.45 Updates: 0
EveryoneRewards
Lamarkian
Neural
1 Generation: 30 Best: 1375 Avg: 563.4 Updates: 0
EveryoneRewards
Lamarkian
Neural
1 Generation: 31 Best: 1465 Avg: 511.7 Updates: 0
EveryoneRewards
Lamarkian
Neural
1 Generation: 32 Best: 1355 Avg: 566.65 Updates: 0
EveryoneRewards
Lamarkian
Neural
1 Generation: 33 Best: 1470 Avg: 543.05 Updates: 0
EveryoneRewards
Lamarkian
Neural
1 Generation: 34 Best: 1290 Avg: 700.15 Updates: 0
EveryoneRewards
Lamarkian
Neural
1 Generation: 35 Best: 1030 Avg: 535.1 Updates: 0
EveryoneRewards
Lamarkian
Neural
1 Generation: 36 Best: 1150 Avg: 586.6 Updates: 0
EveryoneRewards
Lamarkian
Neural
1 Generation: 37 Best: 1245 Avg: 634.35 Updates: 0
EveryoneRewards
Lamarkian
Neural
1 Generation: 38 Best: 1085 Avg: 505.05 Updates: 0
EveryoneRewards
Lamarkian
Neural
1 Generation: 39 Best: 1240 Avg: 546.85 Updates: 0
EveryoneRewards
Lamarkian
Neural
1 Generation: 40 Best: 960 Avg: 337.8 Updates: 0
EveryoneRewards
Lamarkian
Neural
1 Generation: 41 Best: 1515 Avg: 745 Updates: 0
EveryoneRewards
Lamarkian
Neural
1 Generation: 42 Best: 1485 Avg: 781.15 Updates: 0
EveryoneRewards
Lamarkian
Neural
1 Generation: 43 Best: 1505 Avg: 657.7 Updates: 0
EveryoneRewards
Lamarkian
Neural
1 Generation: 44 Best: 1630 Avg: 447.55 Updates: 0
EveryoneRewards
Lamarkian
Neural
1 Generation: 45 Best: 1330 Avg: 460.45 Updates: 0
EveryoneRewards
Lamarkian
Neural
1 Generation: 46 Best: 1400 Avg: 779.8 Updates: 0
EveryoneRewards
Lamarkian
Neural
1 Generation: 47 Best: 1475 Avg: 814.5 Updates: 0
EveryoneRewards
Lamarkian
Neural
1 Generation: 48 Best: 1330 Avg: 596.5 Updates: 0
EveryoneRewards
Lamarkian
Neural
1 Generation: 49 Best: 1440 Avg: 723.25 Updates: 0
EveryoneRewards
Lamarkian
Neural
1 Generation: 50 Best: 1840 Avg: 860.7 Updates: 0
EveryoneRewards
Lamarkian
Neural
1 Generation: 51 Best: 1615 Avg: 786.7 Updates: 0
EveryoneRewards
Lamarkian
Neural
1 Generation: 52 Best: 1335 Avg: 344.45 Updates: 0
EveryoneRewards
Lamarkian
Neural
1 Generation: 53 Best: 1435 Avg: 798 Updates: 0
EveryoneRewards
Lamarkian
Neural
1 Generation: 54 Best: 1530 Avg: 654.7 Updates: 0
EveryoneRewards
Lamarkian
Neural
1 Generation: 55 Best: 1380 Avg: 825.7 Updates: 0
EveryoneRewards
Lamarkian
Neural
1 Generation: 56 Best: 1925 Avg: 755.85 Updates: 0
EveryoneRewards
Lamarkian
Neural
1 Generation: 57 Best: 1485 Avg: 782.75 Updates: 0
EveryoneRewards
Lamarkian
Neural
1 Generation: 58 Best: 1345 Avg: 437.65 Updates: 0
EveryoneRewards
Lamarkian
Neural
1 Generation: 59 Best: 1340 Avg: 538.7 Updates: 0
EveryoneRewards
Lamarkian
Neural
1 Generation: 60 Best: 1535 Avg: 753 Updates: 0
EveryoneRewards
Lamarkian
Neural
1 Generation: 61 Best: 1675 Avg: 728.75 Updates: 0
EveryoneRewards
Lamarkian
Neural
1 Generation: 62 Best: 1515 Avg: 777.3 Updates: 0
EveryoneRewards
Lamarkian
Neural
1 Generation: 63 Best: 1480 Avg: 771.6 Updates: 0
EveryoneRewards
Lamarkian
Neural
1 Generation: 64 Best: 1355 Avg: 720.75 Updates: 0
EveryoneRewards
Lamarkian
Neural
1 Generation: 65 Best: 1315 Avg: 857 Updates: 0
EveryoneRewards
Lamarkian
Neural
1 Generation: 66 Best: 1495 Avg: 523.9 Updates: 0
EveryoneRewards
Lamarkian
Neural
1 Generation: 67 Best: 1570 Avg: 968.6 Updates: 0
EveryoneRewards
Lamarkian
Neural
1 Generation: 68 Best: 1585 Avg: 873.25 Updates: 0
EveryoneRewards
Lamarkian
Neural
1 Generation: 69 Best: 1275 Avg: 635.15 Updates: 0
EveryoneRewards
Lamarkian
Neural
1 Generation: 70 Best: 1595 Avg: 922.35 Updates: 0
EveryoneRewards
Lamarkian
Neural
1 Generation: 71 Best: 1565 Avg: 719.7 Updates: 0
EveryoneRewards
Lamarkian
Neural
1 Generation: 72 Best: 1440 Avg: 964.3 Updates: 0
EveryoneRewards
Lamarkian
Neural
1 Generation: 73 Best: 1185 Avg: 681.75 Updates: 0
EveryoneRewards
Lamarkian
Neural
1 Generation: 74 Best: 1405 Avg: 892.55 Updates: 0
EveryoneRewards
Lamarkian
Neural
1 Generation: 75 Best: 1445 Avg: 854.25 Updates: 0
EveryoneRewards
Lamarkian
Neural
1 Generation: 76 Best: 1415 Avg: 592.5 Updates: 0
EveryoneRewards
Lamarkian
Neural
1 Generation: 77 Best: 1655 Avg: 743.15 Updates: 0
EveryoneRewards
Lamarkian
Neural
1 Generation: 78 Best: 1790 Avg: 935.65 Updates: 0
EveryoneRewards
Lamarkian
Neural
1 Generation: 79 Best: 1485 Avg: 741.35 Updates: 0
EveryoneRewards
Lamarkian
Neural
1 Generation: 80 Best: 1250 Avg: 682.55 Updates: 0
EveryoneRewards
Lamarkian
Neural
1 Generation: 81 Best: 1670 Avg: 823.5 Updates: 0
EveryoneRewards
Lamarkian
Neural
1 Generation: 82 Best: 1555 Avg: 559.3 Updates: 0
EveryoneRewards
Lamarkian
Neural
1 Generation: 83 Best: 1660 Avg: 677.1 Updates: 0
EveryoneRewards
Lamarkian
Neural
1 Generation: 84 Best: 1295 Avg: 604 Updates: 0
EveryoneRewards
Lamarkian
Neural
1 Generation: 85 Best: 1540 Avg: 824.05 Updates: 0
EveryoneRewards
Lamarkian
Neural
1 Generation: 86 Best: 1305 Avg: 716.9 Updates: 0
EveryoneRewards
Lamarkian
Neural
1 Generation: 87 Best: 1800 Avg: 719.1 Updates: 0
EveryoneRewards
Lamarkian
Neural
1 Generation: 88 Best: 1440 Avg: 857.1 Updates: 0
EveryoneRewards
Lamarkian
Neural
1 Generation: 89 Best: 1890 Avg: 803.9 Updates: 0
EveryoneRewards
Lamarkian
Neural
1 Generation: 90 Best: 1520 Avg: 765.15 Updates: 0
EveryoneRewards
Lamarkian
Neural
1 Generation: 91 Best: 1325 Avg: 679.7 Updates: 0
EveryoneRewards
Lamarkian
Neural
1 Generation: 92 Best: 1770 Avg: 826.65 Updates: 0
EveryoneRewards
Lamarkian
Neural
1 Generation: 93 Best: 1485 Avg: 794.75 Updates: 0
EveryoneRewards
Lamarkian
Neural
1 Generation: 94 Best: 1540 Avg: 800.35 Updates: 0
EveryoneRewards
Lamarkian
Neural
1 Generation: 95 Best: 1375 Avg: 542.15 Updates: 0
EveryoneRewards
Lamarkian
Neural
1 Generation: 96 Best: 1400 Avg: 676.5 Updates: 0
EveryoneRewards
Lamarkian
Neural
1 Generation: 97 Best: 1810 Avg: 812.25 Updates: 0
EveryoneRewards
Lamarkian
Neural
1 Generation: 98 Best: 1830 Avg: 961 Updates: 0
EveryoneRewards
Lamarkian
Neural
1 Generation: 99 Best: 1385 Avg: 883.15 Updates: 0
EveryoneRewards
Lamarkian
Neural
1 Generation: 100 Best: 1220 Avg: 699.65 Updates: 0
EveryoneRewards
Lamarkian
Neural
1 Generation: 101 Best: 1600 Avg: 703.8 Updates: 0
EveryoneRewards
Lamarkian
Neural
1 Generation: 102 Best: 1855 Avg: 1048.4 Updates: 0
EveryoneRewards
Lamarkian
Neural
1 Generation: 103 Best: 1430 Avg: 843.7 Updates: 0
EveryoneRewards
Lamarkian
Neural
1 Generation: 104 Best: 1670 Avg: 990.6 Updates: 0
EveryoneRewards
Lamarkian
Neural
1 Generation: 105 Best: 1490 Avg: 884.45 Updates: 0
EveryoneRewards
Lamarkian
Neural
1 Generation: 106 Best: 1510 Avg: 869.15 Updates: 0
EveryoneRewards
Lamarkian
Neural
1 Generation: 107 Best: 1345 Avg: 834 Updates: 0
EveryoneRewards
Lamarkian
Neural
1 Generation: 108 Best: 1415 Avg: 777.55 Updates: 0
EveryoneRewards
Lamarkian
Neural
1 Generation: 109 Best: 1765 Avg: 860.9 Updates: 0
EveryoneRewards
Lamarkian
Neural
1 Generation: 110 Best: 1715 Avg: 848.2 Updates: 0
EveryoneRewards
Lamarkian
Neural
1 Generation: 111 Best: 1955 Avg: 1024.95 Updates: 0
EveryoneRewards
Lamarkian
Neural
1 Generation: 112 Best: 1495 Avg: 801.7 Updates: 0
EveryoneRewards
Lamarkian
Neural
1 Generation: 113 Best: 1700 Avg: 853.1 Updates: 0
EveryoneRewards
Lamarkian
Neural
1 Generation: 114 Best: 1365 Avg: 741.05 Updates: 0
EveryoneRewards
Lamarkian
Neural
1 Generation: 115 Best: 1440 Avg: 666 Updates: 0
EveryoneRewards
Lamarkian
Neural
1 Generation: 116 Best: 1460 Avg: 688.2 Updates: 0
EveryoneRewards
Lamarkian
Neural
1 Generation: 117 Best: 1730 Avg: 909.8 Updates: 0
EveryoneRewards
Lamarkian
Neural
1 Generation: 118 Best: 1470 Avg: 795.55 Updates: 0
EveryoneRewards
Lamarkian
Neural
1 Generation: 119 Best: 1625 Avg: 898.55 Updates: 0
EveryoneRewards
Lamarkian
Neural
1 Generation: 120 Best: 1515 Avg: 967.2 Updates: 0
EveryoneRewards
Lamarkian
Neural
1 Generation: 121 Best: 1945 Avg: 990.45 Updates: 0
EveryoneRewards
Lamarkian
Neural
1 Generation: 122 Best: 1605 Avg: 794.1 Updates: 0
EveryoneRewards
Lamarkian
Neural
1 Generation: 123 Best: 1865 Avg: 789.95 Updates: 0
EveryoneRewards
Lamarkian
Neural
1 Generation: 124 Best: 1750 Avg: 966.3 Updates: 0
EveryoneRewards
Lamarkian
Neural
1 Generation: 125 Best: 1875 Avg: 912.95 Updates: 0
EveryoneRewards
Lamarkian
Neural
1 Generation: 126 Best: 1510 Avg: 912.65 Updates: 0
EveryoneRewards
Lamarkian
Neural
1 Generation: 127 Best: 1835 Avg: 1004.1 Updates: 0
EveryoneRewards
Lamarkian
Neural
1 Generation: 128 Best: 1425 Avg: 919.05 Updates: 0
EveryoneRewards
Lamarkian
Neural
1 Generation: 129 Best: 1710 Avg: 1041.7 Updates: 0
EveryoneRewards
Lamarkian
Neural
1 Generation: 130 Best: 1345 Avg: 704 Updates: 0
EveryoneRewards
Lamarkian
Neural
1 Generation: 131 Best: 1495 Avg: 686.95 Updates: 0
EveryoneRewards
Lamarkian
Neural
1 Generation: 132 Best: 1765 Avg: 991.85 Updates: 0
EveryoneRewards
Lamarkian
Neural
1 Generation: 133 Best: 1390 Avg: 885.45 Updates: 0
EveryoneRewards
Lamarkian
Neural
1 Generation: 134 Best: 1755 Avg: 714.25 Updates: 0
EveryoneRewards
Lamarkian
Neural
1 Generation: 135 Best: 2040 Avg: 926.35 Updates: 0
EveryoneRewards
Lamarkian
Neural
1 Generation: 136 Best: 1880 Avg: 1137.55 Updates: 0
EveryoneRewards
Lamarkian
Neural
1 Generation: 137 Best: 1730 Avg: 976 Updates: 0
EveryoneRewards
Lamarkian
Neural
1 Generation: 138 Best: 1375 Avg: 859 Updates: 0
EveryoneRewards
Lamarkian
Neural
1 Generation: 139 Best: 1860 Avg: 912.8 Updates: 0
EveryoneRewards
Lamarkian
Neural
1 Generation: 140 Best: 2245 Avg: 1277.05 Updates: 0
EveryoneRewards
Lamarkian
Neural
1 Generation: 141 Best: 2395 Avg: 1059.85 Updates: 0
EveryoneRewards
Lamarkian
Neural
1 Generation: 142 Best: 1595 Avg: 729.05 Updates: 0
EveryoneRewards
Lamarkian
Neural
1 Generation: 143 Best: 2100 Avg: 1079.6 Updates: 0
EveryoneRewards
Lamarkian
Neural
1 Generation: 144 Best: 1645 Avg: 768.1 Updates: 0
EveryoneRewards
Lamarkian
Neural
1 Generation: 145 Best: 2355 Avg: 1268.9 Updates: 0
EveryoneRewards
Lamarkian
Neural
1 Generation: 146 Best: 1910 Avg: 579.75 Updates: 0
EveryoneRewards
Lamarkian
Neural
1 Generation: 147 Best: 1790 Avg: 1089.1 Updates: 0
EveryoneRewards
Lamarkian
Neural
1 Generation: 148 Best: 1975 Avg: 947.3 Updates: 0
EveryoneRewards
Lamarkian
Neural
1 Generation: 149 Best: 1815 Avg: 1152.55 Updates: 0
EveryoneRewards
Lamarkian
Neural
1 Generation: 150 Best: 1905 Avg: 873.1 Updates: 0
EveryoneRewards
Lamarkian
Neural
1 Generation: 151 Best: 1520 Avg: 866.15 Updates: 0
EveryoneRewards
Lamarkian
Neural
1 Generation: 152 Best: 1335 Avg: 672.7 Updates: 0
EveryoneRewards
Lamarkian
Neural
1 Generation: 153 Best: 2135 Avg: 1018.4 Updates: 0
EveryoneRewards
Lamarkian
Neural
1 Generation: 154 Best: 1805 Avg: 760.75 Updates: 0
EveryoneRewards
Lamarkian
Neural
1 Generation: 155 Best: 1965 Avg: 927.65 Updates: 0
EveryoneRewards
Lamarkian
Neural
1 Generation: 156 Best: 1685 Avg: 748.55 Updates: 0
EveryoneRewards
Lamarkian
Neural
1 Generation: 157 Best: 1635 Avg: 828.15 Updates: 0
EveryoneRewards
Lamarkian
Neural
1 Generation: 158 Best: 1805 Avg: 969.45 Updates: 0
EveryoneRewards
Lamarkian
Neural
1 Generation: 159 Best: 1545 Avg: 736.85 Updates: 0
EveryoneRewards
Lamarkian
Neural
1 Generation: 160 Best: 1515 Avg: 765.35 Updates: 0
EveryoneRewards
Lamarkian
Neural
1 Generation: 161 Best: 1845 Avg: 882.95 Updates: 0
EveryoneRewards
Lamarkian
Neural
1 Generation: 162 Best: 1625 Avg: 928.7 Updates: 0
EveryoneRewards
Lamarkian
Neural
1 Generation: 163 Best: 1720 Avg: 1059.9 Updates: 0
EveryoneRewards
Lamarkian
Neural
1 Generation: 164 Best: 1875 Avg: 996.75 Updates: 0
EveryoneRewards
Lamarkian
Neural
1 Generation: 165 Best: 1770 Avg: 1014.4 Updates: 0
EveryoneRewards
Lamarkian
Neural
1 Generation: 166 Best: 2190 Avg: 1239.05 Updates: 0
EveryoneRewards
Lamarkian
Neural
1 Generation: 167 Best: 1925 Avg: 1011.55 Updates: 0
EveryoneRewards
Lamarkian
Neural
1 Generation: 168 Best: 1690 Avg: 1042.75 Updates: 0
EveryoneRewards
Lamarkian
Neural
1 Generation: 169 Best: 1460 Avg: 746.4 Updates: 0
EveryoneRewards
Lamarkian
Neural
1 Generation: 170 Best: 2000 Avg: 973.2 Updates: 0
EveryoneRewards
Lamarkian
Neural
1 Generation: 171 Best: 1600 Avg: 848.4 Updates: 0
EveryoneRewards
Lamarkian
Neural
1 Generation: 172 Best: 1525 Avg: 900.75 Updates: 0
EveryoneRewards
Lamarkian
Neural
1 Generation: 173 Best: 1970 Avg: 1201.6 Updates: 0
EveryoneRewards
Lamarkian
Neural
1 Generation: 174 Best: 1925 Avg: 892.25 Updates: 0
EveryoneRewards
Lamarkian
Neural
1 Generation: 175 Best: 2195 Avg: 1053.2 Updates: 0
EveryoneRewards
Lamarkian
Neural
1 Generation: 176 Best: 1950 Avg: 1037.15 Updates: 0
EveryoneRewards
Lamarkian
Neural
1 Generation: 177 Best: 1780 Avg: 835.3 Updates: 0
EveryoneRewards
Lamarkian
Neural
1 Generation: 178 Best: 1745 Avg: 899.1 Updates: 0
EveryoneRewards
Lamarkian
Neural
1 Generation: 179 Best: 1580 Avg: 790.55 Updates: 0
EveryoneRewards
Lamarkian
Neural
1 Generation: 180 Best: 2045 Avg: 990 Updates: 0
EveryoneRewards
Lamarkian
Neural
1 Generation: 181 Best: 1845 Avg: 934.9 Updates: 0
EveryoneRewards
Lamarkian
Neural
1 Generation: 182 Best: 1805 Avg: 1061.9 Updates: 0
EveryoneRewards
Lamarkian
Neural
1 Generation: 183 Best: 1765 Avg: 905.5 Updates: 0
EveryoneRewards
Lamarkian
Neural
1 Generation: 184 Best: 1970 Avg: 873 Updates: 0
EveryoneRewards
Lamarkian
Neural
1 Generation: 185 Best: 1740 Avg: 647.7 Updates: 0
EveryoneRewards
Lamarkian
Neural
1 Generation: 186 Best: 1900 Avg: 957.95 Updates: 0
EveryoneRewards
Lamarkian
Neural
1 Generation: 187 Best: 1685 Avg: 694 Updates: 0
EveryoneRewards
Lamarkian
Neural
1 Generation: 188 Best: 1485 Avg: 995.1 Updates: 0
EveryoneRewards
Lamarkian
Neural
1 Generation: 189 Best: 1725 Avg: 988.95 Updates: 0
EveryoneRewards
Lamarkian
Neural
1 Generation: 190 Best: 1680 Avg: 783.65 Updates: 0
EveryoneRewards
Lamarkian
Neural
1 Generation: 191 Best: 1785 Avg: 1132.75 Updates: 0
EveryoneRewards
Lamarkian
Neural
1 Generation: 192 Best: 1970 Avg: 958.05 Updates: 0
EveryoneRewards
Lamarkian
Neural
1 Generation: 193 Best: 1900 Avg: 1041.9 Updates: 0
EveryoneRewards
Lamarkian
Neural
1 Generation: 194 Best: 2155 Avg: 1198.8 Updates: 0
EveryoneRewards
Lamarkian
Neural
1 Generation: 195 Best: 1885 Avg: 1159.25 Updates: 0
EveryoneRewards
Lamarkian
Neural
1 Generation: 196 Best: 1840 Avg: 1070.45 Updates: 0
EveryoneRewards
Lamarkian
Neural
1 Generation: 197 Best: 1790 Avg: 867.7 Updates: 0
EveryoneRewards
Lamarkian
Neural
1 Generation: 198 Best: 1950 Avg: 1217.25 Updates: 0
EveryoneRewards
Lamarkian
Neural
1 Generation: 199 Best: 1325 Avg: 872.2 Updates: 0
EveryoneRewards
Lamarkian
Neural
1 Generation: 200 Best: 2130 Avg: 1214.95 Updates: 0
1 Finished!
